TN:
SF:src\App.tsx
FN:73,(anonymous_8)
FN:78,(anonymous_9)
FN:84,(anonymous_10)
FN:95,(anonymous_11)
FN:103,(anonymous_12)
FN:104,(anonymous_13)
FN:104,(anonymous_14)
FN:120,(anonymous_15)
FN:122,(anonymous_16)
FN:146,(anonymous_17)
FN:179,(anonymous_18)
FN:231,(anonymous_19)
FN:235,(anonymous_20)
FN:249,App
FNF:14
FNH:0
FNDA:0,(anonymous_8)
FNDA:0,(anonymous_9)
FNDA:0,(anonymous_10)
FNDA:0,(anonymous_11)
FNDA:0,(anonymous_12)
FNDA:0,(anonymous_13)
FNDA:0,(anonymous_14)
FNDA:0,(anonymous_15)
FNDA:0,(anonymous_16)
FNDA:0,(anonymous_17)
FNDA:0,(anonymous_18)
FNDA:0,(anonymous_19)
FNDA:0,(anonymous_20)
FNDA:0,App
DA:1,0
DA:2,0
DA:3,0
DA:4,0
DA:7,0
DA:9,0
DA:10,0
DA:11,0
DA:12,0
DA:14,0
DA:15,0
DA:16,0
DA:17,0
DA:18,0
DA:20,0
DA:21,0
DA:22,0
DA:23,0
DA:24,0
DA:25,0
DA:26,0
DA:27,0
DA:28,0
DA:29,0
DA:30,0
DA:31,0
DA:33,0
DA:34,0
DA:35,0
DA:36,0
DA:37,0
DA:38,0
DA:39,0
DA:40,0
DA:41,0
DA:42,0
DA:43,0
DA:44,0
DA:45,0
DA:46,0
DA:47,0
DA:48,0
DA:49,0
DA:50,0
DA:51,0
DA:52,0
DA:53,0
DA:54,0
DA:55,0
DA:56,0
DA:57,0
DA:58,0
DA:73,0
DA:74,0
DA:75,0
DA:78,0
DA:79,0
DA:80,0
DA:84,0
DA:85,0
DA:95,0
DA:96,0
DA:97,0
DA:98,0
DA:99,0
DA:100,0
DA:103,0
DA:104,0
DA:105,0
DA:106,0
DA:107,0
DA:108,0
DA:110,0
DA:112,0
DA:116,0
DA:120,0
DA:122,0
DA:123,0
DA:127,0
DA:146,0
DA:179,0
DA:232,0
DA:236,0
DA:250,0
DA:386,0
LF:85
LH:0
BRDA:123,0,0,0
BRDA:123,0,1,0
BRDA:123,1,0,0
BRDA:123,1,1,0
BRDA:163,2,0,0
BRDA:163,2,1,0
BRDA:163,3,0,0
BRDA:163,3,1,0
BRDA:164,4,0,0
BRDA:164,4,1,0
BRDA:164,5,0,0
BRDA:164,5,1,0
BRDA:196,6,0,0
BRDA:196,6,1,0
BRDA:197,7,0,0
BRDA:197,7,1,0
BRDA:230,8,0,0
BRDA:230,8,1,0
BRF:18
BRH:0
end_of_record
TN:
SF:src\api.ts
FN:11,createListing
FNF:1
FNH:0
FNDA:0,createListing
DA:1,0
DA:11,0
DA:12,0
DA:17,0
DA:18,0
LF:5
LH:0
BRDA:17,0,0,0
BRDA:17,0,1,0
BRF:2
BRH:0
end_of_record
TN:
SF:src\theme.ts
FNF:0
FNH:0
DA:1,0
DA:4,0
DA:9,0
DA:10,0
DA:11,0
DA:12,0
DA:16,0
DA:255,0
DA:308,0
LF:9
LH:0
BRDA:9,0,0,0
BRDA:9,0,1,0
BRF:2
BRH:0
end_of_record
TN:
SF:src\components\AdCard.tsx
FN:15,(anonymous_8)
FN:30,(anonymous_9)
FN:48,(anonymous_10)
FN:64,(anonymous_11)
FN:81,(anonymous_12)
FN:98,(anonymous_13)
FN:114,(anonymous_14)
FN:119,(anonymous_15)
FN:121,(anonymous_16)
FN:125,(anonymous_17)
FN:125,(anonymous_18)
FN:147,(anonymous_19)
FN:162,(anonymous_20)
FN:196,(anonymous_21)
FN:205,(anonymous_22)
FN:217,(anonymous_23)
FN:228,(anonymous_24)
FN:234,(anonymous_25)
FN:241,(anonymous_26)
FN:242,(anonymous_27)
FN:248,(anonymous_28)
FN:258,(anonymous_29)
FN:276,(anonymous_30)
FN:277,(anonymous_31)
FN:413,(anonymous_32)
FN:467,(anonymous_33)
FN:482,(anonymous_34)
FN:641,(anonymous_35)
FN:732,(anonymous_36)
FN:744,(anonymous_37)
FNF:30
FNH:11
FNDA:29,(anonymous_8)
FNDA:15,(anonymous_9)
FNDA:15,(anonymous_10)
FNDA:15,(anonymous_11)
FNDA:15,(anonymous_12)
FNDA:15,(anonymous_13)
FNDA:0,(anonymous_14)
FNDA:0,(anonymous_15)
FNDA:0,(anonymous_16)
FNDA:0,(anonymous_17)
FNDA:0,(anonymous_18)
FNDA:0,(anonymous_19)
FNDA:0,(anonymous_20)
FNDA:15,(anonymous_21)
FNDA:0,(anonymous_22)
FNDA:0,(anonymous_23)
FNDA:15,(anonymous_24)
FNDA:0,(anonymous_25)
FNDA:0,(anonymous_26)
FNDA:0,(anonymous_27)
FNDA:0,(anonymous_28)
FNDA:0,(anonymous_29)
FNDA:15,(anonymous_30)
FNDA:15,(anonymous_31)
FNDA:0,(anonymous_32)
FNDA:30,(anonymous_33)
FNDA:0,(anonymous_34)
FNDA:0,(anonymous_35)
FNDA:0,(anonymous_36)
FNDA:0,(anonymous_37)
DA:1,1
DA:2,1
DA:3,1
DA:4,1
DA:5,1
DA:6,1
DA:7,1
DA:8,1
DA:10,1
DA:11,1
DA:12,1
DA:15,1
DA:16,29
DA:30,1
DA:31,15
DA:48,1
DA:49,15
DA:64,1
DA:65,15
DA:81,1
DA:82,15
DA:98,1
DA:99,15
DA:100,15
DA:101,15
DA:102,15
DA:103,15
DA:104,15
DA:105,15
DA:106,15
DA:107,15
DA:108,15
DA:109,15
DA:112,15
DA:114,15
DA:115,0
DA:116,0
DA:119,15
DA:121,15
DA:122,0
DA:125,15
DA:126,0
DA:127,0
DA:129,0
DA:130,0
DA:133,0
DA:134,0
DA:135,0
DA:136,0
DA:138,0
DA:143,0
DA:147,15
DA:148,0
DA:149,0
DA:150,0
DA:151,0
DA:157,0
DA:159,0
DA:162,15
DA:163,0
DA:164,0
DA:168,15
DA:169,15
DA:170,15
DA:171,15
DA:172,0
DA:173,0
DA:175,0
DA:177,15
DA:178,15
DA:182,0
DA:183,0
DA:186,15
DA:187,1
DA:190,15
DA:191,15
DA:194,15
DA:196,15
DA:197,15
DA:205,15
DA:206,0
DA:207,0
DA:208,0
DA:209,0
DA:211,0
DA:212,0
DA:213,0
DA:214,0
DA:217,15
DA:218,0
DA:219,0
DA:220,0
DA:221,0
DA:222,0
DA:223,0
DA:225,0
DA:228,15
DA:229,15
DA:230,15
DA:231,0
DA:234,15
DA:235,0
DA:236,0
DA:237,0
DA:238,0
DA:240,0
DA:241,0
DA:242,0
DA:248,15
DA:249,0
DA:250,0
DA:251,0
DA:252,0
DA:253,0
DA:254,0
DA:258,15
DA:259,0
DA:260,0
DA:261,0
DA:262,0
DA:263,0
DA:265,0
DA:266,0
DA:269,0
DA:270,0
DA:271,0
DA:276,15
DA:277,15
DA:278,15
DA:279,0
DA:280,0
DA:285,15
DA:414,0
DA:415,0
DA:416,0
DA:417,0
DA:468,30
DA:483,0
DA:484,0
DA:642,0
DA:643,0
DA:644,0
DA:645,0
DA:646,0
DA:647,0
DA:648,0
DA:649,0
DA:732,0
DA:744,0
DA:751,1
LF:150
LH:67
BRDA:129,0,0,0
BRDA:129,0,1,0
BRDA:135,1,0,0
BRDA:135,1,1,0
BRDA:150,2,0,0
BRDA:150,2,1,0
BRDA:170,3,0,15
BRDA:170,3,1,0
BRDA:171,4,0,0
BRDA:171,4,1,15
BRDA:177,5,0,15
BRDA:177,5,1,0
BRDA:186,6,0,1
BRDA:186,6,1,14
BRDA:186,7,0,15
BRDA:186,7,1,15
BRDA:190,8,0,14
BRDA:190,8,1,1
BRDA:191,9,0,15
BRDA:191,9,1,0
BRDA:211,10,0,0
BRDA:211,10,1,0
BRDA:212,11,0,0
BRDA:212,11,1,0
BRDA:213,12,0,0
BRDA:213,12,1,0
BRDA:218,13,0,0
BRDA:218,13,1,0
BRDA:218,14,0,0
BRDA:218,14,1,0
BRDA:218,14,2,0
BRDA:220,15,0,0
BRDA:220,15,1,0
BRDA:220,16,0,0
BRDA:220,16,1,0
BRDA:221,17,0,0
BRDA:221,17,1,0
BRDA:228,18,0,15
BRDA:229,19,0,0
BRDA:229,19,1,15
BRDA:229,20,0,15
BRDA:229,20,1,15
BRDA:230,21,0,15
BRDA:230,21,1,0
BRDA:237,22,0,0
BRDA:237,22,1,0
BRDA:240,23,0,0
BRDA:240,23,1,0
BRDA:252,24,0,0
BRDA:252,24,1,0
BRDA:265,25,0,0
BRDA:265,25,1,0
BRDA:269,26,0,0
BRDA:269,26,1,0
BRDA:278,27,0,0
BRDA:278,27,1,15
BRDA:321,28,0,15
BRDA:321,28,1,14
BRDA:342,29,0,0
BRDA:342,29,1,14
BRDA:342,30,0,0
BRDA:342,30,1,0
BRDA:342,31,0,0
BRDA:342,31,1,0
BRDA:422,32,0,15
BRDA:422,32,1,15
BRDA:455,33,0,15
BRDA:455,33,1,15
BRDA:474,34,0,15
BRDA:474,34,1,15
BRDA:479,35,0,15
BRDA:479,35,1,15
BRDA:547,36,0,0
BRDA:547,36,1,15
BRDA:629,37,0,15
BRDA:629,37,1,0
BRDA:629,37,2,0
BRDA:644,38,0,0
BRDA:644,38,1,0
BRDA:645,39,0,0
BRDA:645,39,1,0
BRDA:646,40,0,0
BRDA:646,40,1,0
BRDA:647,41,0,0
BRDA:647,41,1,0
BRDA:648,42,0,0
BRDA:648,42,1,0
BRDA:691,43,0,15
BRDA:691,43,1,0
BRDA:731,44,0,15
BRDA:731,44,1,0
BRDA:731,45,0,0
BRDA:731,45,1,15
BRDA:731,46,0,15
BRDA:731,46,1,15
BRDA:740,47,0,15
BRDA:740,47,1,0
BRF:97
BRH:35
end_of_record
TN:
SF:src\components\AdminDashboard.tsx
FN:88,TabPanel
FN:104,(anonymous_18)
FN:187,(anonymous_19)
FN:189,(anonymous_20)
FN:205,(anonymous_21)
FN:257,(anonymous_22)
FN:337,(anonymous_23)
FN:338,(anonymous_24)
FN:354,(anonymous_25)
FN:355,(anonymous_26)
FN:366,(anonymous_27)
FN:367,(anonymous_28)
FN:373,(anonymous_29)
FN:377,(anonymous_30)
FN:378,(anonymous_31)
FN:381,(anonymous_32)
FN:382,(anonymous_33)
FN:385,(anonymous_34)
FN:386,(anonymous_35)
FN:390,(anonymous_36)
FN:390,(anonymous_37)
FN:404,(anonymous_38)
FN:404,(anonymous_39)
FN:418,(anonymous_40)
FN:418,(anonymous_41)
FN:433,(anonymous_42)
FN:444,(anonymous_43)
FN:444,(anonymous_44)
FN:466,(anonymous_45)
FN:466,(anonymous_46)
FN:483,(anonymous_47)
FN:483,(anonymous_48)
FN:507,(anonymous_49)
FN:512,(anonymous_50)
FN:512,(anonymous_51)
FN:528,(anonymous_52)
FN:528,(anonymous_53)
FN:548,(anonymous_54)
FN:565,(anonymous_55)
FN:689,(anonymous_56)
FN:714,(anonymous_57)
FN:737,(anonymous_58)
FN:740,(anonymous_59)
FN:743,(anonymous_60)
FN:746,(anonymous_61)
FN:764,(anonymous_62)
FN:772,(anonymous_63)
FN:781,(anonymous_64)
FN:796,(anonymous_65)
FN:803,(anonymous_66)
FN:815,(anonymous_67)
FN:827,(anonymous_68)
FN:848,(anonymous_69)
FN:850,(anonymous_70)
FN:867,(anonymous_71)
FN:872,(anonymous_72)
FN:876,(anonymous_73)
FN:924,(anonymous_74)
FN:929,(anonymous_75)
FN:944,(anonymous_76)
FN:953,(anonymous_77)
FN:953,(anonymous_78)
FN:964,(anonymous_79)
FN:964,(anonymous_80)
FN:974,(anonymous_81)
FN:974,(anonymous_82)
FN:986,(anonymous_83)
FN:986,(anonymous_84)
FN:992,(anonymous_85)
FN:998,(anonymous_86)
FN:1008,(anonymous_87)
FN:1035,(anonymous_88)
FN:1052,(anonymous_89)
FN:1060,(anonymous_90)
FN:1069,(anonymous_91)
FN:1133,(anonymous_92)
FN:1140,(anonymous_93)
FN:1156,(anonymous_94)
FN:1173,(anonymous_95)
FN:1188,(anonymous_96)
FN:1211,(anonymous_97)
FN:1213,(anonymous_98)
FN:1231,(anonymous_99)
FN:1236,(anonymous_100)
FN:1240,(anonymous_101)
FN:1378,(anonymous_102)
FN:1386,(anonymous_103)
FN:1457,(anonymous_104)
FN:1471,(anonymous_105)
FN:1484,(anonymous_106)
FN:1520,(anonymous_107)
FN:1680,(anonymous_108)
FN:1716,(anonymous_109)
FN:1745,(anonymous_110)
FN:1774,(anonymous_111)
FN:1801,(anonymous_112)
FN:1833,(anonymous_113)
FN:1879,(anonymous_114)
FN:1921,(anonymous_115)
FN:1949,(anonymous_116)
FN:2081,(anonymous_117)
FN:2137,(anonymous_118)
FN:2145,(anonymous_119)
FN:2305,(anonymous_120)
FN:2342,(anonymous_121)
FNF:105
FNH:0
FNDA:0,TabPanel
FNDA:0,(anonymous_18)
FNDA:0,(anonymous_19)
FNDA:0,(anonymous_20)
FNDA:0,(anonymous_21)
FNDA:0,(anonymous_22)
FNDA:0,(anonymous_23)
FNDA:0,(anonymous_24)
FNDA:0,(anonymous_25)
FNDA:0,(anonymous_26)
FNDA:0,(anonymous_27)
FNDA:0,(anonymous_28)
FNDA:0,(anonymous_29)
FNDA:0,(anonymous_30)
FNDA:0,(anonymous_31)
FNDA:0,(anonymous_32)
FNDA:0,(anonymous_33)
FNDA:0,(anonymous_34)
FNDA:0,(anonymous_35)
FNDA:0,(anonymous_36)
FNDA:0,(anonymous_37)
FNDA:0,(anonymous_38)
FNDA:0,(anonymous_39)
FNDA:0,(anonymous_40)
FNDA:0,(anonymous_41)
FNDA:0,(anonymous_42)
FNDA:0,(anonymous_43)
FNDA:0,(anonymous_44)
FNDA:0,(anonymous_45)
FNDA:0,(anonymous_46)
FNDA:0,(anonymous_47)
FNDA:0,(anonymous_48)
FNDA:0,(anonymous_49)
FNDA:0,(anonymous_50)
FNDA:0,(anonymous_51)
FNDA:0,(anonymous_52)
FNDA:0,(anonymous_53)
FNDA:0,(anonymous_54)
FNDA:0,(anonymous_55)
FNDA:0,(anonymous_56)
FNDA:0,(anonymous_57)
FNDA:0,(anonymous_58)
FNDA:0,(anonymous_59)
FNDA:0,(anonymous_60)
FNDA:0,(anonymous_61)
FNDA:0,(anonymous_62)
FNDA:0,(anonymous_63)
FNDA:0,(anonymous_64)
FNDA:0,(anonymous_65)
FNDA:0,(anonymous_66)
FNDA:0,(anonymous_67)
FNDA:0,(anonymous_68)
FNDA:0,(anonymous_69)
FNDA:0,(anonymous_70)
FNDA:0,(anonymous_71)
FNDA:0,(anonymous_72)
FNDA:0,(anonymous_73)
FNDA:0,(anonymous_74)
FNDA:0,(anonymous_75)
FNDA:0,(anonymous_76)
FNDA:0,(anonymous_77)
FNDA:0,(anonymous_78)
FNDA:0,(anonymous_79)
FNDA:0,(anonymous_80)
FNDA:0,(anonymous_81)
FNDA:0,(anonymous_82)
FNDA:0,(anonymous_83)
FNDA:0,(anonymous_84)
FNDA:0,(anonymous_85)
FNDA:0,(anonymous_86)
FNDA:0,(anonymous_87)
FNDA:0,(anonymous_88)
FNDA:0,(anonymous_89)
FNDA:0,(anonymous_90)
FNDA:0,(anonymous_91)
FNDA:0,(anonymous_92)
FNDA:0,(anonymous_93)
FNDA:0,(anonymous_94)
FNDA:0,(anonymous_95)
FNDA:0,(anonymous_96)
FNDA:0,(anonymous_97)
FNDA:0,(anonymous_98)
FNDA:0,(anonymous_99)
FNDA:0,(anonymous_100)
FNDA:0,(anonymous_101)
FNDA:0,(anonymous_102)
FNDA:0,(anonymous_103)
FNDA:0,(anonymous_104)
FNDA:0,(anonymous_105)
FNDA:0,(anonymous_106)
FNDA:0,(anonymous_107)
FNDA:0,(anonymous_108)
FNDA:0,(anonymous_109)
FNDA:0,(anonymous_110)
FNDA:0,(anonymous_111)
FNDA:0,(anonymous_112)
FNDA:0,(anonymous_113)
FNDA:0,(anonymous_114)
FNDA:0,(anonymous_115)
FNDA:0,(anonymous_116)
FNDA:0,(anonymous_117)
FNDA:0,(anonymous_118)
FNDA:0,(anonymous_119)
FNDA:0,(anonymous_120)
FNDA:0,(anonymous_121)
DA:1,0
DA:2,0
DA:50,0
DA:78,0
DA:79,0
DA:89,0
DA:90,0
DA:104,0
DA:123,0
DA:187,0
DA:188,0
DA:190,0
DA:205,0
DA:218,0
DA:220,0
DA:257,0
DA:258,0
DA:259,0
DA:260,0
DA:261,0
DA:262,0
DA:263,0
DA:264,0
DA:267,0
DA:268,0
DA:269,0
DA:277,0
DA:278,0
DA:279,0
DA:280,0
DA:283,0
DA:291,0
DA:299,0
DA:306,0
DA:307,0
DA:308,0
DA:309,0
DA:310,0
DA:311,0
DA:312,0
DA:313,0
DA:316,0
DA:337,0
DA:338,0
DA:339,0
DA:344,0
DA:345,0
DA:347,0
DA:350,0
DA:354,0
DA:355,0
DA:356,0
DA:359,0
DA:360,0
DA:362,0
DA:366,0
DA:367,0
DA:368,0
DA:373,0
DA:374,0
DA:377,0
DA:378,0
DA:381,0
DA:382,0
DA:385,0
DA:386,0
DA:390,0
DA:391,0
DA:392,0
DA:393,0
DA:394,0
DA:396,0
DA:397,0
DA:400,0
DA:404,0
DA:405,0
DA:406,0
DA:407,0
DA:408,0
DA:410,0
DA:411,0
DA:414,0
DA:418,0
DA:419,0
DA:420,0
DA:421,0
DA:422,0
DA:424,0
DA:425,0
DA:428,0
DA:433,0
DA:434,0
DA:435,0
DA:441,0
DA:444,0
DA:445,0
DA:447,0
DA:449,0
DA:450,0
DA:452,0
DA:453,0
DA:457,0
DA:458,0
DA:459,0
DA:461,0
DA:466,0
DA:467,0
DA:468,0
DA:470,0
DA:471,0
DA:473,0
DA:475,0
DA:476,0
DA:478,0
DA:483,0
DA:484,0
DA:485,0
DA:486,0
DA:488,0
DA:495,0
DA:496,0
DA:497,0
DA:498,0
DA:500,0
DA:501,0
DA:503,0
DA:507,0
DA:508,0
DA:512,0
DA:513,0
DA:514,0
DA:515,0
DA:519,0
DA:520,0
DA:522,0
DA:524,0
DA:528,0
DA:529,0
DA:530,0
DA:531,0
DA:537,0
DA:538,0
DA:539,0
DA:540,0
DA:542,0
DA:544,0
DA:548,0
DA:549,0
DA:550,0
DA:553,0
DA:554,0
DA:562,0
DA:563,0
DA:565,0
DA:575,0
DA:690,0
DA:715,0
DA:737,0
DA:740,0
DA:743,0
DA:746,0
DA:764,0
DA:772,0
DA:781,0
DA:796,0
DA:803,0
DA:815,0
DA:827,0
DA:849,0
DA:850,0
DA:852,0
DA:868,0
DA:873,0
DA:874,0
DA:876,0
DA:924,0
DA:929,0
DA:944,0
DA:953,0
DA:964,0
DA:974,0
DA:986,0
DA:992,0
DA:998,0
DA:1008,0
DA:1035,0
DA:1052,0
DA:1060,0
DA:1069,0
DA:1133,0
DA:1140,0
DA:1156,0
DA:1173,0
DA:1188,0
DA:1212,0
DA:1213,0
DA:1215,0
DA:1231,0
DA:1237,0
DA:1238,0
DA:1240,0
DA:1378,0
DA:1386,0
DA:1457,0
DA:1471,0
DA:1484,0
DA:1520,0
DA:1717,0
DA:1746,0
DA:1775,0
DA:1802,0
DA:1834,0
DA:1880,0
DA:1922,0
DA:1950,0
DA:2081,0
DA:2137,0
DA:2145,0
DA:2306,0
DA:2343,0
LF:220
LH:0
BRDA:98,0,0,0
BRDA:98,0,1,0
BRDA:149,1,0,0
BRDA:149,1,1,0
BRDA:151,2,0,0
BRDA:151,2,1,0
BRDA:153,3,0,0
BRDA:153,3,1,0
BRDA:156,4,0,0
BRDA:156,4,1,0
BRDA:157,5,0,0
BRDA:157,5,1,0
BRDA:162,6,0,0
BRDA:162,6,1,0
BRDA:209,7,0,0
BRDA:339,8,0,0
BRDA:339,8,1,0
BRDA:339,8,2,0
BRDA:339,8,3,0
BRDA:339,8,4,0
BRDA:339,8,5,0
BRDA:344,9,0,0
BRDA:344,9,1,0
BRDA:345,10,0,0
BRDA:345,10,1,0
BRDA:346,11,0,0
BRDA:346,11,1,0
BRDA:347,12,0,0
BRDA:347,12,1,0
BRDA:348,13,0,0
BRDA:348,13,1,0
BRDA:350,14,0,0
BRDA:350,14,1,0
BRDA:350,14,2,0
BRDA:350,14,3,0
BRDA:356,15,0,0
BRDA:356,15,1,0
BRDA:359,16,0,0
BRDA:359,16,1,0
BRDA:360,17,0,0
BRDA:360,17,1,0
BRDA:362,18,0,0
BRDA:362,18,1,0
BRDA:362,18,2,0
BRDA:368,19,0,0
BRDA:368,19,1,0
BRDA:392,20,0,0
BRDA:392,20,1,0
BRDA:406,21,0,0
BRDA:406,21,1,0
BRDA:420,22,0,0
BRDA:420,22,1,0
BRDA:436,23,0,0
BRDA:436,23,1,0
BRDA:439,24,0,0
BRDA:439,24,1,0
BRDA:445,25,0,0
BRDA:445,25,1,0
BRDA:449,26,0,0
BRDA:449,26,1,0
BRDA:452,27,0,0
BRDA:452,27,1,0
BRDA:468,28,0,0
BRDA:468,28,1,0
BRDA:471,29,0,0
BRDA:471,29,1,0
BRDA:496,30,0,0
BRDA:496,30,1,0
BRDA:497,31,0,0
BRDA:497,31,1,0
BRDA:498,32,0,0
BRDA:498,32,1,0
BRDA:501,33,0,0
BRDA:501,33,1,0
BRDA:553,34,0,0
BRDA:553,34,1,0
BRDA:562,35,0,0
BRDA:562,35,1,0
BRDA:602,36,0,0
BRDA:602,36,1,0
BRDA:602,37,0,0
BRDA:602,37,1,0
BRDA:602,38,0,0
BRDA:602,38,1,0
BRDA:602,39,0,0
BRDA:602,39,1,0
BRDA:602,40,0,0
BRDA:602,40,1,0
BRDA:603,41,0,0
BRDA:603,41,1,0
BRDA:603,42,0,0
BRDA:603,42,1,0
BRDA:603,43,0,0
BRDA:603,43,1,0
BRDA:603,44,0,0
BRDA:603,44,1,0
BRDA:603,45,0,0
BRDA:603,45,1,0
BRDA:612,46,0,0
BRDA:612,46,1,0
BRDA:612,47,0,0
BRDA:612,47,1,0
BRDA:612,48,0,0
BRDA:612,48,1,0
BRDA:612,49,0,0
BRDA:612,49,1,0
BRDA:612,50,0,0
BRDA:612,50,1,0
BRDA:613,51,0,0
BRDA:613,51,1,0
BRDA:613,52,0,0
BRDA:613,52,1,0
BRDA:613,53,0,0
BRDA:613,53,1,0
BRDA:613,54,0,0
BRDA:613,54,1,0
BRDA:613,55,0,0
BRDA:613,55,1,0
BRDA:622,56,0,0
BRDA:622,56,1,0
BRDA:622,57,0,0
BRDA:622,57,1,0
BRDA:622,58,0,0
BRDA:622,58,1,0
BRDA:622,59,0,0
BRDA:622,59,1,0
BRDA:622,60,0,0
BRDA:622,60,1,0
BRDA:631,61,0,0
BRDA:631,61,1,0
BRDA:631,62,0,0
BRDA:631,62,1,0
BRDA:631,63,0,0
BRDA:631,63,1,0
BRDA:631,64,0,0
BRDA:631,64,1,0
BRDA:631,65,0,0
BRDA:631,65,1,0
BRDA:645,66,0,0
BRDA:645,66,1,0
BRDA:645,67,0,0
BRDA:645,67,1,0
BRDA:645,68,0,0
BRDA:645,68,1,0
BRDA:645,69,0,0
BRDA:645,69,1,0
BRDA:645,70,0,0
BRDA:645,70,1,0
BRDA:695,71,0,0
BRDA:695,71,1,0
BRDA:722,72,0,0
BRDA:722,72,1,0
BRDA:723,73,0,0
BRDA:723,73,1,0
BRDA:777,74,0,0
BRDA:777,74,1,0
BRDA:847,75,0,0
BRDA:847,75,1,0
BRDA:849,76,0,0
BRDA:849,76,1,0
BRDA:873,77,0,0
BRDA:873,77,1,0
BRDA:888,78,0,0
BRDA:888,78,1,0
BRDA:888,79,0,0
BRDA:888,79,1,0
BRDA:898,80,0,0
BRDA:898,80,1,0
BRDA:899,81,0,0
BRDA:899,81,1,0
BRDA:905,82,0,0
BRDA:905,82,1,0
BRDA:906,83,0,0
BRDA:906,83,1,0
BRDA:911,84,0,0
BRDA:911,84,1,0
BRDA:919,85,0,0
BRDA:919,85,1,0
BRDA:928,86,0,0
BRDA:928,86,1,0
BRDA:930,87,0,0
BRDA:930,87,1,0
BRDA:945,88,0,0
BRDA:945,88,1,0
BRDA:945,89,0,0
BRDA:945,89,1,0
BRDA:1000,90,0,0
BRDA:1000,90,1,0
BRDA:1010,91,0,0
BRDA:1010,91,1,0
BRDA:1028,92,0,0
BRDA:1028,92,1,0
BRDA:1065,93,0,0
BRDA:1065,93,1,0
BRDA:1210,94,0,0
BRDA:1210,94,1,0
BRDA:1212,95,0,0
BRDA:1212,95,1,0
BRDA:1237,96,0,0
BRDA:1237,96,1,0
BRDA:1278,97,0,0
BRDA:1278,97,1,0
BRDA:1278,98,0,0
BRDA:1278,98,1,0
BRDA:1283,99,0,0
BRDA:1283,99,1,0
BRDA:1284,100,0,0
BRDA:1284,100,1,0
BRDA:1285,101,0,0
BRDA:1285,101,1,0
BRDA:1286,102,0,0
BRDA:1286,102,1,0
BRDA:1287,103,0,0
BRDA:1287,103,1,0
BRDA:1288,104,0,0
BRDA:1288,104,1,0
BRDA:1289,105,0,0
BRDA:1289,105,1,0
BRDA:1290,106,0,0
BRDA:1290,106,1,0
BRDA:1291,107,0,0
BRDA:1291,107,1,0
BRDA:1292,108,0,0
BRDA:1292,108,1,0
BRDA:1293,109,0,0
BRDA:1293,109,1,0
BRDA:1294,110,0,0
BRDA:1294,110,1,0
BRDA:1314,111,0,0
BRDA:1314,111,1,0
BRDA:1314,112,0,0
BRDA:1314,112,1,0
BRDA:1314,113,0,0
BRDA:1314,113,1,0
BRDA:1543,114,0,0
BRDA:1543,114,1,0
BRDA:1555,115,0,0
BRDA:1555,115,1,0
BRDA:1556,116,0,0
BRDA:1556,116,1,0
BRDA:1557,117,0,0
BRDA:1557,117,1,0
BRDA:1562,118,0,0
BRDA:1562,118,1,0
BRDA:1562,119,0,0
BRDA:1562,119,1,0
BRDA:1564,120,0,0
BRDA:1564,120,1,0
BRDA:1564,121,0,0
BRDA:1564,121,1,0
BRDA:1569,122,0,0
BRDA:1569,122,1,0
BRDA:1570,123,0,0
BRDA:1570,123,1,0
BRDA:1571,124,0,0
BRDA:1571,124,1,0
BRDA:1572,125,0,0
BRDA:1572,125,1,0
BRDA:1573,126,0,0
BRDA:1573,126,1,0
BRDA:1574,127,0,0
BRDA:1574,127,1,0
BRDA:1575,128,0,0
BRDA:1575,128,1,0
BRDA:1576,129,0,0
BRDA:1576,129,1,0
BRDA:1583,130,0,0
BRDA:1583,130,1,0
BRDA:1583,131,0,0
BRDA:1583,131,1,0
BRDA:1583,132,0,0
BRDA:1583,132,1,0
BRDA:1690,133,0,0
BRDA:1690,133,1,0
BRDA:1695,134,0,0
BRDA:1695,134,1,0
BRDA:1699,135,0,0
BRDA:1699,135,1,0
BRDA:1710,136,0,0
BRDA:1710,136,1,0
BRDA:1739,137,0,0
BRDA:1739,137,1,0
BRDA:1768,138,0,0
BRDA:1768,138,1,0
BRDA:1833,139,0,0
BRDA:1833,139,1,0
BRDA:1879,140,0,0
BRDA:1879,140,1,0
BRDA:1879,140,2,0
BRDA:1885,141,0,0
BRDA:1885,141,1,0
BRDA:1885,142,0,0
BRDA:1885,142,1,0
BRDA:1894,143,0,0
BRDA:1894,143,1,0
BRDA:1905,144,0,0
BRDA:1905,144,1,0
BRDA:1905,145,0,0
BRDA:1905,145,1,0
BRDA:1921,146,0,0
BRDA:1921,146,1,0
BRDA:1921,146,2,0
BRDA:1932,147,0,0
BRDA:1932,147,1,0
BRDA:1933,148,0,0
BRDA:1933,148,1,0
BRDA:1949,149,0,0
BRDA:1949,149,1,0
BRDA:1949,149,2,0
BRDA:2177,150,0,0
BRDA:2177,150,1,0
BRDA:2189,151,0,0
BRDA:2189,151,1,0
BRDA:2202,152,0,0
BRDA:2202,152,1,0
BRDA:2215,153,0,0
BRDA:2215,153,1,0
BRDA:2228,154,0,0
BRDA:2228,154,1,0
BRDA:2249,155,0,0
BRDA:2249,155,1,0
BRDA:2252,156,0,0
BRDA:2252,156,1,0
BRDA:2259,157,0,0
BRDA:2259,157,1,0
BRDA:2262,158,0,0
BRDA:2262,158,1,0
BRDA:2269,159,0,0
BRDA:2269,159,1,0
BRDA:2272,160,0,0
BRDA:2272,160,1,0
BRDA:2279,161,0,0
BRDA:2279,161,1,0
BRDA:2282,162,0,0
BRDA:2282,162,1,0
BRDA:2289,163,0,0
BRDA:2289,163,1,0
BRDA:2292,164,0,0
BRDA:2292,164,1,0
BRDA:2304,165,0,0
BRDA:2304,165,1,0
BRDA:2309,166,0,0
BRDA:2309,166,1,0
BRDA:2310,167,0,0
BRDA:2310,167,1,0
BRDA:2341,168,0,0
BRDA:2341,168,1,0
BRDA:2371,169,0,0
BRDA:2371,169,1,0
BRDA:2374,170,0,0
BRDA:2374,170,1,0
BRDA:2381,171,0,0
BRDA:2381,171,1,0
BRDA:2384,172,0,0
BRDA:2384,172,1,0
BRDA:2391,173,0,0
BRDA:2391,173,1,0
BRDA:2394,174,0,0
BRDA:2394,174,1,0
BRDA:2401,175,0,0
BRDA:2401,175,1,0
BRDA:2404,176,0,0
BRDA:2404,176,1,0
BRF:363
BRH:0
end_of_record
TN:
SF:src\components\AdminListingEdit.tsx
FN:39,(anonymous_7)
FN:59,(anonymous_8)
FN:73,(anonymous_9)
FN:74,(anonymous_10)
FN:80,(anonymous_11)
FN:80,(anonymous_12)
FN:102,(anonymous_13)
FN:118,(anonymous_14)
FN:152,(anonymous_15)
FN:160,(anonymous_16)
FN:171,(anonymous_17)
FN:179,(anonymous_18)
FN:187,(anonymous_19)
FN:196,(anonymous_20)
FN:209,(anonymous_21)
FNF:15
FNH:0
FNDA:0,(anonymous_7)
FNDA:0,(anonymous_8)
FNDA:0,(anonymous_9)
FNDA:0,(anonymous_10)
FNDA:0,(anonymous_11)
FNDA:0,(anonymous_12)
FNDA:0,(anonymous_13)
FNDA:0,(anonymous_14)
FNDA:0,(anonymous_15)
FNDA:0,(anonymous_16)
FNDA:0,(anonymous_17)
FNDA:0,(anonymous_18)
FNDA:0,(anonymous_19)
FNDA:0,(anonymous_20)
FNDA:0,(anonymous_21)
DA:1,1
DA:2,1
DA:19,1
DA:39,1
DA:46,0
DA:55,0
DA:56,0
DA:57,0
DA:59,0
DA:60,0
DA:61,0
DA:73,0
DA:74,0
DA:80,0
DA:81,0
DA:82,0
DA:83,0
DA:85,0
DA:86,0
DA:87,0
DA:88,0
DA:91,0
DA:100,0
DA:101,0
DA:102,0
DA:103,0
DA:104,0
DA:107,0
DA:108,0
DA:111,0
DA:112,0
DA:114,0
DA:118,0
DA:119,0
DA:120,0
DA:121,0
DA:122,0
DA:126,0
DA:152,0
DA:160,0
DA:171,0
DA:179,0
DA:187,0
DA:196,0
DA:209,0
LF:45
LH:4
BRDA:60,0,0,0
BRDA:60,0,1,0
BRDA:62,1,0,0
BRDA:62,1,1,0
BRDA:63,2,0,0
BRDA:63,2,1,0
BRDA:64,3,0,0
BRDA:64,3,1,0
BRDA:65,4,0,0
BRDA:65,4,1,0
BRDA:66,5,0,0
BRDA:66,5,1,0
BRDA:67,6,0,0
BRDA:67,6,1,0
BRDA:68,7,0,0
BRDA:68,7,1,0
BRDA:86,8,0,0
BRDA:86,8,1,0
BRDA:100,9,0,0
BRDA:100,9,1,0
BRDA:103,10,0,0
BRDA:103,10,1,0
BRDA:103,11,0,0
BRDA:103,11,1,0
BRDA:108,12,0,0
BRDA:108,12,1,0
BRDA:119,13,0,0
BRDA:119,13,1,0
BRDA:136,14,0,0
BRDA:136,14,1,0
BRDA:142,15,0,0
BRDA:142,15,1,0
BRDA:171,16,0,0
BRDA:171,16,1,0
BRDA:239,17,0,0
BRDA:239,17,1,0
BRDA:241,18,0,0
BRDA:241,18,1,0
BRDA:243,19,0,0
BRDA:243,19,1,0
BRF:40
BRH:0
end_of_record
TN:
SF:src\components\AdminRoute.tsx
FN:6,AdminRoute
FNF:1
FNH:1
FNDA:11,AdminRoute
DA:2,1
DA:3,1
DA:4,1
DA:6,1
DA:7,11
DA:10,11
DA:11,2
DA:24,9
DA:25,1
DA:29,8
DA:30,3
DA:52,5
LF:12
LH:12
BRDA:10,0,0,2
BRDA:10,0,1,9
BRDA:24,1,0,1
BRDA:24,1,1,8
BRDA:29,2,0,3
BRDA:29,2,1,5
BRF:6
BRH:6
end_of_record
TN:
SF:src\components\AnimatedComponents.tsx
FN:28,(anonymous_1)
FN:38,(anonymous_2)
FN:48,(anonymous_3)
FN:62,(anonymous_4)
FN:102,(anonymous_5)
FN:103,(anonymous_6)
FN:107,(anonymous_7)
FN:110,(anonymous_8)
FN:125,(anonymous_9)
FN:160,(anonymous_10)
FN:172,(anonymous_11)
FN:190,(anonymous_12)
FN:200,(anonymous_13)
FN:201,(anonymous_14)
FN:221,(anonymous_15)
FN:235,(anonymous_16)
FN:279,(anonymous_17)
FN:312,(anonymous_18)
FN:312,(anonymous_19)
FN:315,(anonymous_20)
FN:320,(anonymous_21)
FN:342,(anonymous_22)
FN:343,(anonymous_23)
FN:358,(anonymous_24)
FN:368,(anonymous_25)
FN:375,(anonymous_26)
FN:382,(anonymous_27)
FNF:27
FNH:0
FNDA:0,(anonymous_1)
FNDA:0,(anonymous_2)
FNDA:0,(anonymous_3)
FNDA:0,(anonymous_4)
FNDA:0,(anonymous_5)
FNDA:0,(anonymous_6)
FNDA:0,(anonymous_7)
FNDA:0,(anonymous_8)
FNDA:0,(anonymous_9)
FNDA:0,(anonymous_10)
FNDA:0,(anonymous_11)
FNDA:0,(anonymous_12)
FNDA:0,(anonymous_13)
FNDA:0,(anonymous_14)
FNDA:0,(anonymous_15)
FNDA:0,(anonymous_16)
FNDA:0,(anonymous_17)
FNDA:0,(anonymous_18)
FNDA:0,(anonymous_19)
FNDA:0,(anonymous_20)
FNDA:0,(anonymous_21)
FNDA:0,(anonymous_22)
FNDA:0,(anonymous_23)
FNDA:0,(anonymous_24)
FNDA:0,(anonymous_25)
FNDA:0,(anonymous_26)
FNDA:0,(anonymous_27)
DA:1,0
DA:2,0
DA:15,0
DA:23,0
DA:28,0
DA:29,0
DA:34,0
DA:38,0
DA:39,0
DA:44,0
DA:48,0
DA:49,0
DA:55,0
DA:62,0
DA:70,0
DA:71,0
DA:72,0
DA:74,0
DA:102,0
DA:104,0
DA:105,0
DA:108,0
DA:110,0
DA:125,0
DA:161,0
DA:172,0
DA:185,0
DA:190,0
DA:191,0
DA:193,0
DA:200,0
DA:201,0
DA:216,0
DA:221,0
DA:222,0
DA:224,0
DA:235,0
DA:274,0
DA:279,0
DA:285,0
DA:308,0
DA:312,0
DA:313,0
DA:315,0
DA:316,0
DA:317,0
DA:318,0
DA:320,0
DA:321,0
DA:322,0
DA:325,0
DA:326,0
DA:328,0
DA:330,0
DA:331,0
DA:335,0
DA:338,0
DA:342,0
DA:343,0
DA:344,0
DA:345,0
DA:350,0
DA:354,0
DA:358,0
DA:365,0
DA:366,0
DA:368,0
DA:369,0
DA:375,0
DA:376,0
DA:382,0
DA:383,0
DA:385,0
DA:386,0
DA:387,0
DA:389,0
DA:390,0
DA:391,0
DA:392,0
DA:393,0
DA:394,0
DA:398,0
DA:399,0
DA:400,0
DA:401,0
DA:402,0
DA:407,0
DA:408,0
DA:411,0
LF:89
LH:0
BRDA:28,0,0,0
BRDA:28,1,0,0
BRDA:28,2,0,0
BRDA:38,3,0,0
BRDA:38,4,0,0
BRDA:48,5,0,0
BRDA:48,6,0,0
BRDA:65,7,0,0
BRDA:67,8,0,0
BRDA:81,9,0,0
BRDA:81,9,1,0
BRDA:95,10,0,0
BRDA:95,10,1,0
BRDA:121,11,0,0
BRDA:121,11,1,0
BRDA:132,12,0,0
BRDA:132,12,1,0
BRDA:144,13,0,0
BRDA:144,13,1,0
BRDA:169,14,0,0
BRDA:169,14,1,0
BRDA:172,15,0,0
BRDA:172,15,1,0
BRDA:172,16,0,0
BRDA:172,16,1,0
BRDA:190,17,0,0
BRDA:190,18,0,0
BRDA:205,19,0,0
BRDA:205,19,1,0
BRDA:221,20,0,0
BRDA:242,21,0,0
BRDA:242,21,1,0
BRDA:243,22,0,0
BRDA:243,22,1,0
BRDA:246,23,0,0
BRDA:246,23,1,0
BRDA:251,24,0,0
BRDA:251,24,1,0
BRDA:280,25,0,0
BRDA:281,26,0,0
BRDA:282,27,0,0
BRDA:283,28,0,0
BRDA:291,29,0,0
BRDA:291,29,1,0
BRDA:312,30,0,0
BRDA:312,31,0,0
BRDA:330,32,0,0
BRDA:330,32,1,0
BRDA:343,33,0,0
BRDA:344,34,0,0
BRDA:344,34,1,0
BRDA:363,35,0,0
BRDA:383,36,0,0
BRDA:383,36,1,0
BRDA:383,37,0,0
BRDA:383,37,1,0
BRDA:389,38,0,0
BRDA:389,38,1,0
BRDA:390,39,0,0
BRDA:390,39,1,0
BRDA:391,40,0,0
BRDA:391,40,1,0
BRDA:391,41,0,0
BRDA:391,41,1,0
BRDA:393,42,0,0
BRDA:393,42,1,0
BRDA:393,43,0,0
BRDA:393,43,1,0
BRDA:398,44,0,0
BRDA:398,44,1,0
BRDA:399,45,0,0
BRDA:399,45,1,0
BRDA:399,46,0,0
BRDA:399,46,1,0
BRDA:401,47,0,0
BRDA:401,47,1,0
BRDA:401,48,0,0
BRDA:401,48,1,0
BRF:78
BRH:0
end_of_record
TN:
SF:src\components\BottomNav.tsx
FN:25,(anonymous_0)
FN:38,(anonymous_1)
FN:61,(anonymous_2)
FN:131,(anonymous_3)
FNF:4
FNH:0
FNDA:0,(anonymous_0)
FNDA:0,(anonymous_1)
FNDA:0,(anonymous_2)
FNDA:0,(anonymous_3)
DA:1,0
DA:2,0
DA:12,0
DA:13,0
DA:14,0
DA:17,0
DA:25,0
DA:26,0
DA:27,0
DA:28,0
DA:29,0
DA:30,0
DA:32,0
DA:33,0
DA:34,0
DA:36,0
DA:38,0
DA:40,0
DA:42,0
DA:43,0
DA:45,0
DA:46,0
DA:48,0
DA:49,0
DA:51,0
DA:52,0
DA:54,0
DA:55,0
DA:57,0
DA:61,0
DA:62,0
DA:64,0
DA:65,0
DA:66,0
DA:67,0
DA:68,0
DA:69,0
DA:72,0
DA:131,0
LF:39
LH:0
BRDA:36,0,0,0
BRDA:36,0,1,0
BRDA:36,1,0,0
BRDA:36,1,1,0
BRDA:36,2,0,0
BRDA:36,2,1,0
BRDA:36,3,0,0
BRDA:36,3,1,0
BRDA:36,4,0,0
BRDA:36,4,1,0
BRDA:40,5,0,0
BRDA:40,5,1,0
BRDA:40,5,2,0
BRDA:40,5,3,0
BRDA:40,5,4,0
BRDA:40,5,5,0
BRDA:64,6,0,0
BRDA:64,6,1,0
BRDA:64,7,0,0
BRDA:64,7,1,0
BRDA:64,7,2,0
BRDA:65,8,0,0
BRDA:65,8,1,0
BRDA:66,9,0,0
BRDA:66,9,1,0
BRDA:67,10,0,0
BRDA:67,10,1,0
BRDA:68,11,0,0
BRDA:68,11,1,0
BRDA:68,12,0,0
BRDA:68,12,1,0
BRDA:167,13,0,0
BRDA:167,13,1,0
BRDA:176,14,0,0
BRDA:176,14,1,0
BRDA:177,15,0,0
BRDA:177,15,1,0
BRDA:214,16,0,0
BRDA:214,16,1,0
BRF:39
BRH:0
end_of_record
TN:
SF:src\components\CategoryCards.tsx
FN:20,(anonymous_7)
FN:27,(anonymous_8)
FN:28,(anonymous_9)
FN:28,(anonymous_10)
FN:48,(anonymous_11)
FN:52,(anonymous_12)
FN:148,(anonymous_13)
FN:151,(anonymous_14)
FNF:8
FNH:6
FNDA:19,(anonymous_7)
FNDA:11,(anonymous_8)
FNDA:11,(anonymous_9)
FNDA:11,(anonymous_10)
FNDA:0,(anonymous_11)
FNDA:15,(anonymous_12)
FNDA:15,(anonymous_13)
FNDA:0,(anonymous_14)
DA:1,1
DA:2,1
DA:3,1
DA:4,1
DA:20,1
DA:21,19
DA:22,19
DA:23,19
DA:24,19
DA:27,19
DA:28,11
DA:29,11
DA:30,11
DA:31,11
DA:32,8
DA:33,1
DA:35,7
DA:36,7
DA:38,3
DA:39,3
DA:41,10
DA:45,11
DA:48,19
DA:49,0
DA:52,19
DA:54,15
DA:57,15
DA:90,15
DA:91,15
DA:92,15
DA:96,0
DA:112,0
DA:113,0
DA:116,19
DA:149,15
DA:151,0
LF:36
LH:31
BRDA:32,0,0,1
BRDA:32,0,1,7
BRDA:36,1,0,7
BRDA:36,1,1,0
BRDA:38,2,0,2
BRDA:38,2,1,1
BRDA:91,3,0,15
BRDA:91,3,1,0
BRDA:118,4,0,11
BRDA:118,4,1,8
BRDA:122,5,0,3
BRDA:122,5,1,5
BRF:12
BRH:10
end_of_record
TN:
SF:src\components\CreateKleinanzeigenListing.tsx
FN:28,(anonymous_7)
FN:68,(anonymous_8)
FN:69,(anonymous_9)
FN:75,(anonymous_10)
FN:81,(anonymous_11)
FN:84,(anonymous_12)
FN:85,(anonymous_13)
FN:85,(anonymous_14)
FN:88,(anonymous_15)
FN:88,(anonymous_16)
FN:112,(anonymous_17)
FN:112,(anonymous_18)
FN:154,(anonymous_19)
FN:204,(anonymous_20)
FN:216,(anonymous_21)
FN:227,(anonymous_22)
FN:238,(anonymous_23)
FN:241,(anonymous_24)
FN:255,(anonymous_25)
FN:258,(anonymous_26)
FN:274,(anonymous_27)
FN:292,(anonymous_28)
FN:304,(anonymous_29)
FN:316,(anonymous_30)
FN:328,(anonymous_31)
FN:361,(anonymous_32)
FN:365,(anonymous_33)
FN:376,(anonymous_34)
FNF:28
FNH:0
FNDA:0,(anonymous_7)
FNDA:0,(anonymous_8)
FNDA:0,(anonymous_9)
FNDA:0,(anonymous_10)
FNDA:0,(anonymous_11)
FNDA:0,(anonymous_12)
FNDA:0,(anonymous_13)
FNDA:0,(anonymous_14)
FNDA:0,(anonymous_15)
FNDA:0,(anonymous_16)
FNDA:0,(anonymous_17)
FNDA:0,(anonymous_18)
FNDA:0,(anonymous_19)
FNDA:0,(anonymous_20)
FNDA:0,(anonymous_21)
FNDA:0,(anonymous_22)
FNDA:0,(anonymous_23)
FNDA:0,(anonymous_24)
FNDA:0,(anonymous_25)
FNDA:0,(anonymous_26)
FNDA:0,(anonymous_27)
FNDA:0,(anonymous_28)
FNDA:0,(anonymous_29)
FNDA:0,(anonymous_30)
FNDA:0,(anonymous_31)
FNDA:0,(anonymous_32)
FNDA:0,(anonymous_33)
FNDA:0,(anonymous_34)
DA:1,0
DA:2,0
DA:23,0
DA:24,0
DA:28,0
DA:29,0
DA:30,0
DA:31,0
DA:32,0
DA:35,0
DA:49,0
DA:50,0
DA:53,0
DA:62,0
DA:68,0
DA:69,0
DA:75,0
DA:76,0
DA:77,0
DA:78,0
DA:79,0
DA:81,0
DA:84,0
DA:85,0
DA:88,0
DA:89,0
DA:91,0
DA:92,0
DA:93,0
DA:95,0
DA:103,0
DA:104,0
DA:105,0
DA:109,0
DA:112,0
DA:113,0
DA:114,0
DA:115,0
DA:117,0
DA:119,0
DA:122,0
DA:132,0
DA:143,0
DA:152,0
DA:153,0
DA:154,0
DA:155,0
DA:158,0
DA:159,0
DA:162,0
DA:164,0
DA:168,0
DA:204,0
DA:216,0
DA:227,0
DA:238,0
DA:242,0
DA:255,0
DA:259,0
DA:274,0
DA:292,0
DA:304,0
DA:316,0
DA:328,0
DA:362,0
DA:365,0
DA:376,0
DA:397,0
LF:68
LH:0
BRDA:76,0,0,0
BRDA:76,0,1,0
BRDA:77,1,0,0
BRDA:77,1,1,0
BRDA:103,2,0,0
BRDA:103,2,1,0
BRDA:152,3,0,0
BRDA:152,3,1,0
BRDA:159,4,0,0
BRDA:159,4,1,0
BRDA:178,5,0,0
BRDA:178,5,1,0
BRDA:184,6,0,0
BRDA:184,6,1,0
BRDA:385,7,0,0
BRDA:385,7,1,0
BRDA:387,8,0,0
BRDA:387,8,1,0
BRF:18
BRH:0
end_of_record
TN:
SF:src\components\CreateKleinanzeigenListingOptimized.tsx
FN:27,(anonymous_8)
FN:61,(anonymous_9)
FN:62,(anonymous_10)
FN:62,(anonymous_11)
FN:90,(anonymous_12)
FN:103,(anonymous_13)
FN:118,(anonymous_14)
FN:119,(anonymous_15)
FN:128,(anonymous_16)
FN:128,(anonymous_17)
FN:157,(anonymous_18)
FN:157,(anonymous_19)
FN:201,(anonymous_20)
FN:222,(anonymous_21)
FN:223,(anonymous_22)
FN:304,(anonymous_23)
FN:322,(anonymous_24)
FN:339,(anonymous_25)
FN:356,(anonymous_26)
FN:370,(anonymous_27)
FN:383,(anonymous_28)
FN:392,(anonymous_29)
FN:425,(anonymous_30)
FN:441,(anonymous_31)
FN:457,(anonymous_32)
FN:474,(anonymous_33)
FN:491,(anonymous_34)
FN:508,(anonymous_35)
FN:546,(anonymous_36)
FN:557,(anonymous_37)
FN:568,(anonymous_38)
FN:579,(anonymous_39)
FN:611,(anonymous_40)
FN:689,(anonymous_41)
FN:693,(anonymous_42)
FN:712,(anonymous_43)
FN:728,(anonymous_44)
FNF:37
FNH:0
FNDA:0,(anonymous_8)
FNDA:0,(anonymous_9)
FNDA:0,(anonymous_10)
FNDA:0,(anonymous_11)
FNDA:0,(anonymous_12)
FNDA:0,(anonymous_13)
FNDA:0,(anonymous_14)
FNDA:0,(anonymous_15)
FNDA:0,(anonymous_16)
FNDA:0,(anonymous_17)
FNDA:0,(anonymous_18)
FNDA:0,(anonymous_19)
FNDA:0,(anonymous_20)
FNDA:0,(anonymous_21)
FNDA:0,(anonymous_22)
FNDA:0,(anonymous_23)
FNDA:0,(anonymous_24)
FNDA:0,(anonymous_25)
FNDA:0,(anonymous_26)
FNDA:0,(anonymous_27)
FNDA:0,(anonymous_28)
FNDA:0,(anonymous_29)
FNDA:0,(anonymous_30)
FNDA:0,(anonymous_31)
FNDA:0,(anonymous_32)
FNDA:0,(anonymous_33)
FNDA:0,(anonymous_34)
FNDA:0,(anonymous_35)
FNDA:0,(anonymous_36)
FNDA:0,(anonymous_37)
FNDA:0,(anonymous_38)
FNDA:0,(anonymous_39)
FNDA:0,(anonymous_40)
FNDA:0,(anonymous_41)
FNDA:0,(anonymous_42)
FNDA:0,(anonymous_43)
FNDA:0,(anonymous_44)
DA:1,0
DA:2,0
DA:3,0
DA:19,0
DA:20,0
DA:21,0
DA:27,0
DA:28,0
DA:29,0
DA:30,0
DA:31,0
DA:32,0
DA:33,0
DA:34,0
DA:37,0
DA:57,0
DA:58,0
DA:61,0
DA:62,0
DA:63,0
DA:64,0
DA:65,0
DA:66,0
DA:67,0
DA:69,0
DA:70,0
DA:72,0
DA:74,0
DA:76,0
DA:80,0
DA:84,0
DA:90,0
DA:91,0
DA:95,0
DA:98,0
DA:99,0
DA:103,0
DA:104,0
DA:105,0
DA:106,0
DA:107,0
DA:109,0
DA:110,0
DA:113,0
DA:114,0
DA:118,0
DA:119,0
DA:120,0
DA:123,0
DA:124,0
DA:128,0
DA:129,0
DA:131,0
DA:132,0
DA:133,0
DA:135,0
DA:136,0
DA:141,0
DA:142,0
DA:144,0
DA:145,0
DA:147,0
DA:150,0
DA:154,0
DA:157,0
DA:158,0
DA:159,0
DA:160,0
DA:162,0
DA:164,0
DA:167,0
DA:199,0
DA:200,0
DA:201,0
DA:202,0
DA:205,0
DA:206,0
DA:209,0
DA:211,0
DA:216,0
DA:217,0
DA:222,0
DA:223,0
DA:229,0
DA:304,0
DA:322,0
DA:339,0
DA:356,0
DA:371,0
DA:383,0
DA:393,0
DA:425,0
DA:441,0
DA:457,0
DA:474,0
DA:491,0
DA:508,0
DA:546,0
DA:557,0
DA:568,0
DA:579,0
DA:611,0
DA:690,0
DA:693,0
DA:712,0
DA:728,0
DA:772,0
LF:107
LH:0
BRDA:66,0,0,0
BRDA:66,0,1,0
BRDA:70,1,0,0
BRDA:70,1,1,0
BRDA:98,2,0,0
BRDA:98,2,1,0
BRDA:104,3,0,0
BRDA:104,3,1,0
BRDA:105,4,0,0
BRDA:105,4,1,0
BRDA:113,5,0,0
BRDA:113,5,1,0
BRDA:123,6,0,0
BRDA:123,6,1,0
BRDA:141,7,0,0
BRDA:141,7,1,0
BRDA:144,8,0,0
BRDA:144,8,1,0
BRDA:144,8,2,0
BRDA:199,9,0,0
BRDA:199,9,1,0
BRDA:206,10,0,0
BRDA:206,10,1,0
BRDA:216,11,0,0
BRDA:216,11,1,0
BRDA:270,12,0,0
BRDA:270,12,1,0
BRDA:276,13,0,0
BRDA:276,13,1,0
BRDA:365,14,0,0
BRDA:365,14,1,0
BRDA:367,15,0,0
BRDA:367,15,1,0
BRDA:686,16,0,0
BRDA:686,16,1,0
BRDA:756,17,0,0
BRDA:756,17,1,0
BRF:37
BRH:0
end_of_record
TN:
SF:src\components\CreateListing.tsx
FN:86,(anonymous_7)
FN:137,(anonymous_8)
FN:138,(anonymous_9)
FN:144,(anonymous_10)
FN:152,(anonymous_11)
FN:160,(anonymous_12)
FN:166,(anonymous_13)
FN:167,(anonymous_14)
FN:169,(anonymous_15)
FN:173,(anonymous_16)
FN:173,(anonymous_17)
FN:201,(anonymous_18)
FN:201,(anonymous_19)
FN:249,(anonymous_20)
FN:264,(anonymous_21)
FN:367,(anonymous_22)
FN:370,(anonymous_23)
FN:470,(anonymous_24)
FN:499,(anonymous_25)
FN:526,(anonymous_26)
FN:534,(anonymous_27)
FN:563,(anonymous_28)
FN:574,(anonymous_29)
FN:576,(anonymous_30)
FN:603,(anonymous_31)
FN:673,(anonymous_32)
FN:677,(anonymous_33)
FN:738,(anonymous_34)
FN:751,(anonymous_35)
FN:773,(anonymous_36)
FN:797,(anonymous_37)
FN:825,(anonymous_38)
FN:857,(anonymous_39)
FN:923,(anonymous_40)
FN:948,(anonymous_41)
FN:962,(anonymous_42)
FNF:36
FNH:0
FNDA:0,(anonymous_7)
FNDA:0,(anonymous_8)
FNDA:0,(anonymous_9)
FNDA:0,(anonymous_10)
FNDA:0,(anonymous_11)
FNDA:0,(anonymous_12)
FNDA:0,(anonymous_13)
FNDA:0,(anonymous_14)
FNDA:0,(anonymous_15)
FNDA:0,(anonymous_16)
FNDA:0,(anonymous_17)
FNDA:0,(anonymous_18)
FNDA:0,(anonymous_19)
FNDA:0,(anonymous_20)
FNDA:0,(anonymous_21)
FNDA:0,(anonymous_22)
FNDA:0,(anonymous_23)
FNDA:0,(anonymous_24)
FNDA:0,(anonymous_25)
FNDA:0,(anonymous_26)
FNDA:0,(anonymous_27)
FNDA:0,(anonymous_28)
FNDA:0,(anonymous_29)
FNDA:0,(anonymous_30)
FNDA:0,(anonymous_31)
FNDA:0,(anonymous_32)
FNDA:0,(anonymous_33)
FNDA:0,(anonymous_34)
FNDA:0,(anonymous_35)
FNDA:0,(anonymous_36)
FNDA:0,(anonymous_37)
FNDA:0,(anonymous_38)
FNDA:0,(anonymous_39)
FNDA:0,(anonymous_40)
FNDA:0,(anonymous_41)
FNDA:0,(anonymous_42)
DA:1,0
DA:2,0
DA:36,0
DA:53,0
DA:54,0
DA:86,0
DA:87,0
DA:88,0
DA:89,0
DA:90,0
DA:92,0
DA:93,0
DA:94,0
DA:97,0
DA:117,0
DA:131,0
DA:137,0
DA:138,0
DA:144,0
DA:145,0
DA:146,0
DA:147,0
DA:148,0
DA:152,0
DA:153,0
DA:154,0
DA:155,0
DA:157,0
DA:160,0
DA:166,0
DA:167,0
DA:169,0
DA:173,0
DA:174,0
DA:176,0
DA:177,0
DA:178,0
DA:180,0
DA:181,0
DA:186,0
DA:187,0
DA:188,0
DA:189,0
DA:191,0
DA:194,0
DA:198,0
DA:201,0
DA:202,0
DA:204,0
DA:205,0
DA:206,0
DA:209,0
DA:210,0
DA:212,0
DA:214,0
DA:217,0
DA:238,0
DA:247,0
DA:248,0
DA:249,0
DA:250,0
DA:253,0
DA:254,0
DA:257,0
DA:259,0
DA:264,0
DA:367,0
DA:370,0
DA:414,0
DA:470,0
DA:499,0
DA:526,0
DA:535,0
DA:563,0
DA:574,0
DA:577,0
DA:603,0
DA:674,0
DA:677,0
DA:738,0
DA:751,0
DA:773,0
DA:797,0
DA:825,0
DA:857,0
DA:923,0
DA:948,0
DA:962,0
DA:997,0
LF:89
LH:0
BRDA:109,0,0,0
BRDA:109,0,1,0
BRDA:109,1,0,0
BRDA:109,1,1,0
BRDA:109,2,0,0
BRDA:109,2,1,0
BRDA:109,3,0,0
BRDA:109,3,1,0
BRDA:109,4,0,0
BRDA:109,4,1,0
BRDA:111,5,0,0
BRDA:111,5,1,0
BRDA:111,6,0,0
BRDA:111,6,1,0
BRDA:111,7,0,0
BRDA:111,7,1,0
BRDA:145,8,0,0
BRDA:145,8,1,0
BRDA:146,9,0,0
BRDA:146,9,1,0
BRDA:153,10,0,0
BRDA:153,10,1,0
BRDA:186,11,0,0
BRDA:186,11,1,0
BRDA:188,12,0,0
BRDA:188,12,1,0
BRDA:188,12,2,0
BRDA:204,13,0,0
BRDA:204,13,1,0
BRDA:223,14,0,0
BRDA:223,14,1,0
BRDA:247,15,0,0
BRDA:247,15,1,0
BRDA:254,16,0,0
BRDA:254,16,1,0
BRDA:282,17,0,0
BRDA:282,17,1,0
BRDA:298,18,0,0
BRDA:298,18,1,0
BRDA:323,19,0,0
BRDA:323,19,1,0
BRDA:331,20,0,0
BRDA:331,20,1,0
BRDA:343,21,0,0
BRDA:343,21,1,0
BRDA:345,22,0,0
BRDA:345,22,1,0
BRDA:355,23,0,0
BRDA:355,23,1,0
BRDA:356,24,0,0
BRDA:356,24,1,0
BRDA:358,25,0,0
BRDA:358,25,1,0
BRDA:364,26,0,0
BRDA:364,26,1,0
BRDA:367,27,0,0
BRDA:367,27,1,0
BRDA:367,28,0,0
BRDA:367,28,1,0
BRDA:370,29,0,0
BRDA:370,29,1,0
BRDA:370,30,0,0
BRDA:370,30,1,0
BRDA:380,31,0,0
BRDA:380,31,1,0
BRDA:382,32,0,0
BRDA:382,32,1,0
BRDA:386,33,0,0
BRDA:386,33,1,0
BRDA:386,33,2,0
BRDA:419,34,0,0
BRDA:419,34,1,0
BRDA:440,35,0,0
BRDA:440,35,1,0
BRDA:446,36,0,0
BRDA:446,36,1,0
BRDA:629,37,0,0
BRDA:629,37,1,0
BRDA:633,38,0,0
BRDA:633,38,1,0
BRDA:670,39,0,0
BRDA:670,39,1,0
BRDA:710,40,0,0
BRDA:710,40,1,0
BRDA:972,41,0,0
BRDA:972,41,1,0
BRDA:974,42,0,0
BRDA:974,42,1,0
BRDA:982,43,0,0
BRDA:982,43,1,0
BRF:90
BRH:0
end_of_record
TN:
SF:src\components\CreateListingOptimized.tsx
FN:28,(anonymous_8)
FN:81,(anonymous_9)
FN:94,(anonymous_10)
FN:109,(anonymous_11)
FN:110,(anonymous_12)
FN:119,(anonymous_13)
FN:119,(anonymous_14)
FN:148,(anonymous_15)
FN:148,(anonymous_16)
FN:188,(anonymous_17)
FN:209,(anonymous_18)
FN:210,(anonymous_19)
FN:292,(anonymous_20)
FN:310,(anonymous_21)
FN:327,(anonymous_22)
FN:347,(anonymous_23)
FN:356,(anonymous_24)
FN:389,(anonymous_25)
FN:398,(anonymous_26)
FN:410,(anonymous_27)
FN:428,(anonymous_28)
FN:447,(anonymous_29)
FN:466,(anonymous_30)
FN:475,(anonymous_31)
FN:487,(anonymous_32)
FN:496,(anonymous_33)
FN:508,(anonymous_34)
FN:525,(anonymous_35)
FN:545,(anonymous_36)
FN:577,(anonymous_37)
FN:655,(anonymous_38)
FN:659,(anonymous_39)
FN:678,(anonymous_40)
FN:694,(anonymous_41)
FNF:34
FNH:0
FNDA:0,(anonymous_8)
FNDA:0,(anonymous_9)
FNDA:0,(anonymous_10)
FNDA:0,(anonymous_11)
FNDA:0,(anonymous_12)
FNDA:0,(anonymous_13)
FNDA:0,(anonymous_14)
FNDA:0,(anonymous_15)
FNDA:0,(anonymous_16)
FNDA:0,(anonymous_17)
FNDA:0,(anonymous_18)
FNDA:0,(anonymous_19)
FNDA:0,(anonymous_20)
FNDA:0,(anonymous_21)
FNDA:0,(anonymous_22)
FNDA:0,(anonymous_23)
FNDA:0,(anonymous_24)
FNDA:0,(anonymous_25)
FNDA:0,(anonymous_26)
FNDA:0,(anonymous_27)
FNDA:0,(anonymous_28)
FNDA:0,(anonymous_29)
FNDA:0,(anonymous_30)
FNDA:0,(anonymous_31)
FNDA:0,(anonymous_32)
FNDA:0,(anonymous_33)
FNDA:0,(anonymous_34)
FNDA:0,(anonymous_35)
FNDA:0,(anonymous_36)
FNDA:0,(anonymous_37)
FNDA:0,(anonymous_38)
FNDA:0,(anonymous_39)
FNDA:0,(anonymous_40)
FNDA:0,(anonymous_41)
DA:1,0
DA:2,0
DA:20,0
DA:21,0
DA:22,0
DA:28,0
DA:29,0
DA:30,0
DA:31,0
DA:32,0
DA:33,0
DA:36,0
DA:54,0
DA:57,0
DA:67,0
DA:72,0
DA:77,0
DA:81,0
DA:82,0
DA:86,0
DA:89,0
DA:90,0
DA:94,0
DA:95,0
DA:96,0
DA:97,0
DA:98,0
DA:100,0
DA:101,0
DA:104,0
DA:105,0
DA:109,0
DA:110,0
DA:111,0
DA:114,0
DA:115,0
DA:119,0
DA:120,0
DA:122,0
DA:123,0
DA:124,0
DA:126,0
DA:127,0
DA:132,0
DA:133,0
DA:135,0
DA:136,0
DA:138,0
DA:141,0
DA:145,0
DA:148,0
DA:149,0
DA:150,0
DA:151,0
DA:153,0
DA:155,0
DA:158,0
DA:186,0
DA:187,0
DA:188,0
DA:189,0
DA:192,0
DA:193,0
DA:196,0
DA:198,0
DA:203,0
DA:204,0
DA:209,0
DA:210,0
DA:216,0
DA:292,0
DA:310,0
DA:327,0
DA:347,0
DA:357,0
DA:389,0
DA:399,0
DA:410,0
DA:428,0
DA:447,0
DA:466,0
DA:476,0
DA:487,0
DA:497,0
DA:508,0
DA:525,0
DA:545,0
DA:577,0
DA:656,0
DA:659,0
DA:678,0
DA:694,0
DA:738,0
LF:93
LH:0
BRDA:89,0,0,0
BRDA:89,0,1,0
BRDA:95,1,0,0
BRDA:95,1,1,0
BRDA:96,2,0,0
BRDA:96,2,1,0
BRDA:104,3,0,0
BRDA:104,3,1,0
BRDA:114,4,0,0
BRDA:114,4,1,0
BRDA:132,5,0,0
BRDA:132,5,1,0
BRDA:135,6,0,0
BRDA:135,6,1,0
BRDA:135,6,2,0
BRDA:186,7,0,0
BRDA:186,7,1,0
BRDA:193,8,0,0
BRDA:193,8,1,0
BRDA:203,9,0,0
BRDA:203,9,1,0
BRDA:258,10,0,0
BRDA:258,10,1,0
BRDA:264,11,0,0
BRDA:264,11,1,0
BRDA:652,12,0,0
BRDA:652,12,1,0
BRDA:722,13,0,0
BRDA:722,13,1,0
BRF:29
BRH:0
end_of_record
TN:
SF:src\components\CreateListingUnified.tsx
FN:23,TabPanel
FN:43,a11yProps
FN:50,(anonymous_4)
FN:58,(anonymous_5)
FN:63,(anonymous_6)
FNF:5
FNH:0
FNDA:0,TabPanel
FNDA:0,a11yProps
FNDA:0,(anonymous_4)
FNDA:0,(anonymous_5)
FNDA:0,(anonymous_6)
DA:1,0
DA:2,0
DA:12,0
DA:13,0
DA:14,0
DA:15,0
DA:24,0
DA:26,0
DA:44,0
DA:50,0
DA:51,0
DA:52,0
DA:53,0
DA:54,0
DA:55,0
DA:56,0
DA:58,0
DA:59,0
DA:60,0
DA:63,0
DA:64,0
DA:65,0
DA:68,0
DA:213,0
LF:24
LH:0
BRDA:34,0,0,0
BRDA:34,0,1,0
BRDA:60,1,0,0
BRDA:60,1,1,0
BRDA:118,2,0,0
BRDA:118,2,1,0
BRF:6
BRH:0
end_of_record
TN:
SF:src\components\CreateListingUnifiedButtons.tsx
FN:17,(anonymous_1)
FN:21,(anonymous_2)
FN:25,(anonymous_3)
FN:29,(anonymous_4)
FNF:4
FNH:0
FNDA:0,(anonymous_1)
FNDA:0,(anonymous_2)
FNDA:0,(anonymous_3)
FNDA:0,(anonymous_4)
DA:1,0
DA:2,0
DA:10,0
DA:14,0
DA:15,0
DA:17,0
DA:18,0
DA:19,0
DA:21,0
DA:22,0
DA:25,0
DA:26,0
DA:29,0
DA:30,0
DA:33,0
DA:34,0
DA:53,0
DA:54,0
DA:73,0
DA:210,0
LF:20
LH:0
BRDA:33,0,0,0
BRDA:33,0,1,0
BRDA:53,1,0,0
BRDA:53,1,1,0
BRF:4
BRH:0
end_of_record
TN:
SF:src\components\DashboardLayout.tsx
FN:137,(anonymous_0)
FN:155,(anonymous_1)
FN:184,(anonymous_2)
FN:188,(anonymous_3)
FN:203,(anonymous_4)
FN:222,(anonymous_5)
FN:308,(anonymous_6)
FN:313,(anonymous_7)
FN:366,(anonymous_8)
FN:371,(anonymous_9)
FN:376,(anonymous_10)
FN:418,(anonymous_11)
FN:421,(anonymous_12)
FNF:13
FNH:0
FNDA:0,(anonymous_0)
FNDA:0,(anonymous_1)
FNDA:0,(anonymous_2)
FNDA:0,(anonymous_3)
FNDA:0,(anonymous_4)
FNDA:0,(anonymous_5)
FNDA:0,(anonymous_6)
FNDA:0,(anonymous_7)
FNDA:0,(anonymous_8)
FNDA:0,(anonymous_9)
FNDA:0,(anonymous_10)
FNDA:0,(anonymous_11)
FNDA:0,(anonymous_12)
DA:1,0
DA:2,0
DA:19,0
DA:24,0
DA:26,0
DA:32,0
DA:137,0
DA:138,0
DA:139,0
DA:140,0
DA:141,0
DA:142,0
DA:145,0
DA:152,0
DA:155,0
DA:156,0
DA:157,0
DA:158,0
DA:160,0
DA:161,0
DA:162,0
DA:163,0
DA:171,0
DA:172,0
DA:173,0
DA:174,0
DA:177,0
DA:178,0
DA:180,0
DA:184,0
DA:185,0
DA:188,0
DA:189,0
DA:191,0
DA:192,0
DA:193,0
DA:194,0
DA:197,0
DA:198,0
DA:199,0
DA:203,0
DA:204,0
DA:205,0
DA:206,0
DA:209,0
DA:210,0
DA:211,0
DA:215,0
DA:216,0
DA:217,0
DA:221,0
DA:222,0
DA:223,0
DA:224,0
DA:227,0
DA:230,0
DA:231,0
DA:234,0
DA:237,0
DA:240,0
DA:241,0
DA:266,0
DA:309,0
DA:310,0
DA:311,0
DA:314,0
DA:315,0
DA:316,0
DA:367,0
DA:368,0
DA:369,0
DA:372,0
DA:373,0
DA:374,0
DA:377,0
DA:378,0
DA:379,0
DA:419,0
DA:421,0
DA:464,0
LF:80
LH:0
BRDA:160,0,0,0
BRDA:160,0,1,0
BRDA:164,1,0,0
BRDA:164,1,1,0
BRDA:165,2,0,0
BRDA:165,2,1,0
BRDA:166,3,0,0
BRDA:166,3,1,0
BRDA:172,4,0,0
BRDA:172,4,1,0
BRDA:178,5,0,0
BRDA:178,5,1,0
BRDA:178,6,0,0
BRDA:178,6,1,0
BRDA:189,7,0,0
BRDA:189,7,1,0
BRDA:198,8,0,0
BRDA:198,8,1,0
BRDA:204,9,0,0
BRDA:204,9,1,0
BRDA:204,10,0,0
BRDA:204,10,1,0
BRDA:205,11,0,0
BRDA:205,11,1,0
BRDA:209,12,0,0
BRDA:209,12,1,0
BRDA:215,13,0,0
BRDA:215,13,1,0
BRDA:223,14,0,0
BRDA:223,14,1,0
BRDA:223,15,0,0
BRDA:223,15,1,0
BRDA:288,16,0,0
BRDA:288,16,1,0
BRDA:295,17,0,0
BRDA:295,17,1,0
BRDA:320,18,0,0
BRDA:320,18,1,0
BRDA:332,19,0,0
BRDA:332,19,1,0
BRDA:332,20,0,0
BRDA:332,20,1,0
BRDA:332,21,0,0
BRDA:332,21,1,0
BRDA:378,22,0,0
BRDA:378,22,1,0
BRDA:390,23,0,0
BRDA:390,23,1,0
BRDA:390,24,0,0
BRDA:390,24,1,0
BRDA:390,25,0,0
BRDA:390,25,1,0
BRDA:451,26,0,0
BRDA:451,26,1,0
BRDA:467,27,0,0
BRDA:467,27,1,0
BRDA:549,28,0,0
BRDA:549,28,1,0
BRDA:550,29,0,0
BRDA:550,29,1,0
BRDA:551,30,0,0
BRDA:551,30,1,0
BRDA:552,31,0,0
BRDA:552,31,1,0
BRF:64
BRH:0
end_of_record
TN:
SF:src\components\DesktopNavigation.tsx
FN:43,(anonymous_9)
FN:77,(anonymous_10)
FN:85,(anonymous_11)
FN:91,(anonymous_12)
FN:95,(anonymous_13)
FN:99,(anonymous_14)
FN:103,(anonymous_15)
FN:107,(anonymous_16)
FN:114,(anonymous_17)
FN:118,(anonymous_18)
FN:122,(anonymous_19)
FN:138,(anonymous_20)
FN:146,(anonymous_21)
FN:185,(anonymous_22)
FN:283,(anonymous_23)
FN:562,(anonymous_24)
FN:582,(anonymous_25)
FN:611,(anonymous_26)
FN:631,(anonymous_27)
FN:651,(anonymous_28)
FN:672,(anonymous_29)
FN:701,(anonymous_30)
FN:745,(anonymous_31)
FN:807,(anonymous_32)
FN:825,(anonymous_33)
FN:836,(anonymous_34)
FN:854,(anonymous_35)
FN:865,(anonymous_36)
FN:883,(anonymous_37)
FN:894,(anonymous_38)
FN:912,(anonymous_39)
FN:1000,(anonymous_40)
FN:1003,(anonymous_41)
FNF:33
FNH:0
FNDA:0,(anonymous_9)
FNDA:0,(anonymous_10)
FNDA:0,(anonymous_11)
FNDA:0,(anonymous_12)
FNDA:0,(anonymous_13)
FNDA:0,(anonymous_14)
FNDA:0,(anonymous_15)
FNDA:0,(anonymous_16)
FNDA:0,(anonymous_17)
FNDA:0,(anonymous_18)
FNDA:0,(anonymous_19)
FNDA:0,(anonymous_20)
FNDA:0,(anonymous_21)
FNDA:0,(anonymous_22)
FNDA:0,(anonymous_23)
FNDA:0,(anonymous_24)
FNDA:0,(anonymous_25)
FNDA:0,(anonymous_26)
FNDA:0,(anonymous_27)
FNDA:0,(anonymous_28)
FNDA:0,(anonymous_29)
FNDA:0,(anonymous_30)
FNDA:0,(anonymous_31)
FNDA:0,(anonymous_32)
FNDA:0,(anonymous_33)
FNDA:0,(anonymous_34)
FNDA:0,(anonymous_35)
FNDA:0,(anonymous_36)
FNDA:0,(anonymous_37)
FNDA:0,(anonymous_38)
FNDA:0,(anonymous_39)
FNDA:0,(anonymous_40)
FNDA:0,(anonymous_41)
DA:1,0
DA:2,0
DA:26,0
DA:35,0
DA:36,0
DA:37,0
DA:43,0
DA:44,0
DA:45,0
DA:46,0
DA:47,0
DA:50,0
DA:51,0
DA:52,0
DA:53,0
DA:54,0
DA:57,0
DA:64,0
DA:77,0
DA:78,0
DA:79,0
DA:81,0
DA:85,0
DA:86,0
DA:91,0
DA:92,0
DA:95,0
DA:96,0
DA:99,0
DA:100,0
DA:103,0
DA:104,0
DA:107,0
DA:108,0
DA:109,0
DA:110,0
DA:114,0
DA:115,0
DA:118,0
DA:119,0
DA:122,0
DA:124,0
DA:132,0
DA:138,0
DA:139,0
DA:140,0
DA:141,0
DA:142,0
DA:146,0
DA:147,0
DA:154,0
DA:186,0
DA:283,0
DA:562,0
DA:582,0
DA:611,0
DA:631,0
DA:651,0
DA:672,0
DA:701,0
DA:745,0
DA:807,0
DA:826,0
DA:836,0
DA:855,0
DA:865,0
DA:884,0
DA:894,0
DA:913,0
DA:1001,0
DA:1004,0
DA:1005,0
LF:72
LH:0
BRDA:78,0,0,0
BRDA:78,0,1,0
BRDA:218,1,0,0
BRDA:218,1,1,0
BRDA:513,2,0,0
BRDA:513,2,1,0
BRDA:541,3,0,0
BRDA:541,3,1,0
BRDA:541,4,0,0
BRDA:541,4,1,0
BRDA:541,5,0,0
BRDA:541,5,1,0
BRF:12
BRH:0
end_of_record
TN:
SF:src\components\EditListing.tsx
FN:22,(anonymous_7)
FN:78,(anonymous_8)
FN:84,(anonymous_9)
FN:84,(anonymous_10)
FN:128,(anonymous_11)
FN:129,(anonymous_12)
FN:135,(anonymous_13)
FN:141,(anonymous_14)
FN:144,(anonymous_15)
FN:145,(anonymous_16)
FN:145,(anonymous_17)
FN:148,(anonymous_18)
FN:149,(anonymous_19)
FN:149,(anonymous_20)
FN:152,(anonymous_21)
FN:152,(anonymous_22)
FN:176,(anonymous_23)
FN:176,(anonymous_24)
FN:223,(anonymous_25)
FN:249,(anonymous_26)
FN:287,(anonymous_27)
FN:295,(anonymous_28)
FN:308,(anonymous_29)
FN:317,(anonymous_30)
FN:324,(anonymous_31)
FN:327,(anonymous_32)
FN:348,(anonymous_33)
FN:351,(anonymous_34)
FN:362,(anonymous_35)
FN:372,(anonymous_36)
FN:382,(anonymous_37)
FN:394,(anonymous_38)
FN:397,(anonymous_39)
FN:408,(anonymous_40)
FN:411,(anonymous_41)
FN:425,(anonymous_42)
FN:432,(anonymous_43)
FN:443,(anonymous_44)
FN:462,(anonymous_45)
FN:476,(anonymous_46)
FN:522,(anonymous_47)
FN:536,(anonymous_48)
FN:558,(anonymous_49)
FNF:43
FNH:0
FNDA:0,(anonymous_7)
FNDA:0,(anonymous_8)
FNDA:0,(anonymous_9)
FNDA:0,(anonymous_10)
FNDA:0,(anonymous_11)
FNDA:0,(anonymous_12)
FNDA:0,(anonymous_13)
FNDA:0,(anonymous_14)
FNDA:0,(anonymous_15)
FNDA:0,(anonymous_16)
FNDA:0,(anonymous_17)
FNDA:0,(anonymous_18)
FNDA:0,(anonymous_19)
FNDA:0,(anonymous_20)
FNDA:0,(anonymous_21)
FNDA:0,(anonymous_22)
FNDA:0,(anonymous_23)
FNDA:0,(anonymous_24)
FNDA:0,(anonymous_25)
FNDA:0,(anonymous_26)
FNDA:0,(anonymous_27)
FNDA:0,(anonymous_28)
FNDA:0,(anonymous_29)
FNDA:0,(anonymous_30)
FNDA:0,(anonymous_31)
FNDA:0,(anonymous_32)
FNDA:0,(anonymous_33)
FNDA:0,(anonymous_34)
FNDA:0,(anonymous_35)
FNDA:0,(anonymous_36)
FNDA:0,(anonymous_37)
FNDA:0,(anonymous_38)
FNDA:0,(anonymous_39)
FNDA:0,(anonymous_40)
FNDA:0,(anonymous_41)
FNDA:0,(anonymous_42)
FNDA:0,(anonymous_43)
FNDA:0,(anonymous_44)
FNDA:0,(anonymous_45)
FNDA:0,(anonymous_46)
FNDA:0,(anonymous_47)
FNDA:0,(anonymous_48)
FNDA:0,(anonymous_49)
DA:1,0
DA:2,0
DA:18,0
DA:19,0
DA:20,0
DA:22,0
DA:23,0
DA:24,0
DA:25,0
DA:26,0
DA:27,0
DA:28,0
DA:31,0
DA:49,0
DA:50,0
DA:53,0
DA:63,0
DA:68,0
DA:73,0
DA:78,0
DA:79,0
DA:80,0
DA:84,0
DA:85,0
DA:86,0
DA:87,0
DA:93,0
DA:94,0
DA:97,0
DA:115,0
DA:116,0
DA:119,0
DA:122,0
DA:124,0
DA:128,0
DA:129,0
DA:135,0
DA:136,0
DA:137,0
DA:138,0
DA:139,0
DA:141,0
DA:144,0
DA:145,0
DA:148,0
DA:149,0
DA:152,0
DA:153,0
DA:155,0
DA:156,0
DA:157,0
DA:159,0
DA:167,0
DA:168,0
DA:169,0
DA:173,0
DA:176,0
DA:177,0
DA:178,0
DA:179,0
DA:181,0
DA:183,0
DA:186,0
DA:189,0
DA:202,0
DA:212,0
DA:221,0
DA:222,0
DA:223,0
DA:224,0
DA:227,0
DA:228,0
DA:231,0
DA:233,0
DA:237,0
DA:238,0
DA:245,0
DA:249,0
DA:287,0
DA:295,0
DA:308,0
DA:317,0
DA:324,0
DA:328,0
DA:348,0
DA:352,0
DA:362,0
DA:372,0
DA:382,0
DA:394,0
DA:398,0
DA:408,0
DA:412,0
DA:425,0
DA:432,0
DA:443,0
DA:463,0
DA:476,0
DA:523,0
DA:536,0
DA:558,0
DA:579,0
LF:102
LH:0
BRDA:79,0,0,0
BRDA:79,0,1,0
BRDA:93,1,0,0
BRDA:93,1,1,0
BRDA:98,2,0,0
BRDA:98,2,1,0
BRDA:99,3,0,0
BRDA:99,3,1,0
BRDA:100,4,0,0
BRDA:100,4,1,0
BRDA:100,5,0,0
BRDA:100,5,1,0
BRDA:100,6,0,0
BRDA:100,6,1,0
BRDA:101,7,0,0
BRDA:101,7,1,0
BRDA:102,8,0,0
BRDA:102,8,1,0
BRDA:103,9,0,0
BRDA:103,9,1,0
BRDA:103,10,0,0
BRDA:103,10,1,0
BRDA:103,11,0,0
BRDA:103,11,1,0
BRDA:104,12,0,0
BRDA:104,12,1,0
BRDA:104,13,0,0
BRDA:104,13,1,0
BRDA:104,14,0,0
BRDA:104,14,1,0
BRDA:105,15,0,0
BRDA:105,15,1,0
BRDA:105,16,0,0
BRDA:105,16,1,0
BRDA:105,17,0,0
BRDA:105,17,1,0
BRDA:105,18,0,0
BRDA:105,18,1,0
BRDA:105,19,0,0
BRDA:105,19,1,0
BRDA:106,20,0,0
BRDA:106,20,1,0
BRDA:106,21,0,0
BRDA:106,21,1,0
BRDA:106,22,0,0
BRDA:106,22,1,0
BRDA:106,23,0,0
BRDA:106,23,1,0
BRDA:106,24,0,0
BRDA:106,24,1,0
BRDA:107,25,0,0
BRDA:107,25,1,0
BRDA:107,26,0,0
BRDA:107,26,1,0
BRDA:107,27,0,0
BRDA:107,27,1,0
BRDA:108,28,0,0
BRDA:108,28,1,0
BRDA:108,29,0,0
BRDA:108,29,1,0
BRDA:108,30,0,0
BRDA:108,30,1,0
BRDA:109,31,0,0
BRDA:109,31,1,0
BRDA:109,32,0,0
BRDA:109,32,1,0
BRDA:109,33,0,0
BRDA:109,33,1,0
BRDA:110,34,0,0
BRDA:110,34,1,0
BRDA:110,35,0,0
BRDA:110,35,1,0
BRDA:110,36,0,0
BRDA:110,36,1,0
BRDA:110,37,0,0
BRDA:110,37,1,0
BRDA:110,38,0,0
BRDA:110,38,1,0
BRDA:111,39,0,0
BRDA:111,39,1,0
BRDA:111,40,0,0
BRDA:111,40,1,0
BRDA:111,41,0,0
BRDA:111,41,1,0
BRDA:115,42,0,0
BRDA:115,42,1,0
BRDA:115,43,0,0
BRDA:115,43,1,0
BRDA:136,44,0,0
BRDA:136,44,1,0
BRDA:137,45,0,0
BRDA:137,45,1,0
BRDA:167,46,0,0
BRDA:167,46,1,0
BRDA:192,47,0,0
BRDA:192,47,1,0
BRDA:193,48,0,0
BRDA:193,48,1,0
BRDA:197,49,0,0
BRDA:197,49,1,0
BRDA:207,50,0,0
BRDA:207,50,1,0
BRDA:221,51,0,0
BRDA:221,51,1,0
BRDA:228,52,0,0
BRDA:228,52,1,0
BRDA:237,53,0,0
BRDA:237,53,1,0
BRDA:261,54,0,0
BRDA:261,54,1,0
BRDA:267,55,0,0
BRDA:267,55,1,0
BRDA:456,56,0,0
BRDA:456,56,1,0
BRDA:520,57,0,0
BRDA:520,57,1,0
BRDA:567,58,0,0
BRDA:567,58,1,0
BRDA:569,59,0,0
BRDA:569,59,1,0
BRF:120
BRH:0
end_of_record
TN:
SF:src\components\EmailVerification.tsx
FN:20,(anonymous_7)
FN:29,(anonymous_8)
FN:29,(anonymous_9)
FN:48,(anonymous_10)
FNF:4
FNH:4
FNDA:27,(anonymous_7)
FNDA:8,(anonymous_8)
FNDA:8,(anonymous_9)
FNDA:1,(anonymous_10)
DA:1,1
DA:2,1
DA:12,1
DA:13,1
DA:20,1
DA:24,27
DA:25,27
DA:26,27
DA:27,27
DA:29,27
DA:30,8
DA:31,8
DA:32,8
DA:34,8
DA:35,8
DA:36,2
DA:38,3
DA:39,3
DA:40,2
DA:42,3
DA:44,5
DA:48,27
DA:49,1
DA:52,27
LF:24
LH:24
BRDA:39,0,0,2
BRDA:39,0,1,1
BRDA:39,1,0,3
BRDA:39,1,1,3
BRDA:39,1,2,2
BRDA:39,1,3,2
BRDA:105,2,0,8
BRDA:105,2,1,19
BRDA:108,3,0,8
BRDA:108,3,1,19
BRDA:111,4,0,27
BRDA:111,4,1,2
BRDA:118,5,0,27
BRDA:118,5,1,3
BRF:14
BRH:14
end_of_record
TN:
SF:src\components\ErrorBoundary.tsx
FN:16,(anonymous_0)
FN:21,(anonymous_1)
FN:28,(anonymous_2)
FN:71,(anonymous_3)
FN:88,(anonymous_4)
FN:89,(anonymous_5)
FNF:6
FNH:5
FNDA:15,(anonymous_0)
FNDA:7,(anonymous_1)
FNDA:23,(anonymous_2)
FNDA:0,(anonymous_3)
FNDA:2,(anonymous_4)
FNDA:2,(anonymous_5)
DA:1,1
DA:3,1
DA:15,1
DA:17,15
DA:18,14
DA:22,7
DA:29,23
DA:31,7
DA:32,1
DA:36,6
DA:72,0
DA:73,0
DA:83,16
DA:88,1
DA:89,2
DA:97,2
LF:16
LH:14
BRDA:29,0,0,7
BRDA:29,0,1,16
BRDA:31,1,0,1
BRDA:31,1,1,6
BRDA:53,2,0,6
BRDA:53,2,1,1
BRDA:63,3,0,0
BRDA:63,3,1,1
BRDA:63,4,0,1
BRDA:63,4,1,1
BRF:10
BRH:9
end_of_record
TN:
SF:src\components\FormGrid.tsx
FN:3,(anonymous_0)
FNF:1
FNH:1
FNDA:8,(anonymous_0)
DA:1,1
DA:3,1
DA:4,8
LF:3
LH:3
BRF:0
BRH:0
end_of_record
TN:
SF:src\components\GallerySection.tsx
FN:35,(anonymous_1)
FN:40,(anonymous_2)
FN:47,(anonymous_3)
FN:50,(anonymous_4)
FN:53,(anonymous_5)
FN:70,(anonymous_6)
FN:94,(anonymous_7)
FN:181,(anonymous_8)
FNF:8
FNH:0
FNDA:0,(anonymous_1)
FNDA:0,(anonymous_2)
FNDA:0,(anonymous_3)
FNDA:0,(anonymous_4)
FNDA:0,(anonymous_5)
FNDA:0,(anonymous_6)
FNDA:0,(anonymous_7)
FNDA:0,(anonymous_8)
DA:1,0
DA:2,0
DA:3,0
DA:4,0
DA:5,0
DA:7,0
DA:35,0
DA:36,0
DA:37,0
DA:38,0
DA:40,0
DA:41,0
DA:42,0
DA:43,0
DA:44,0
DA:47,0
DA:48,0
DA:49,0
DA:50,0
DA:53,0
DA:54,0
DA:55,0
DA:56,0
DA:57,0
DA:58,0
DA:61,0
DA:70,0
DA:95,0
DA:96,0
DA:181,0
LF:30
LH:0
BRDA:42,0,0,0
BRDA:42,0,1,0
BRDA:55,1,0,0
BRDA:55,1,1,0
BRDA:57,2,0,0
BRDA:57,2,1,0
BRDA:68,3,0,0
BRDA:68,3,1,0
BRDA:95,4,0,0
BRDA:95,4,1,0
BRDA:95,5,0,0
BRDA:95,5,1,0
BRDA:95,5,2,0
BRDA:113,6,0,0
BRDA:113,6,1,0
BRDA:179,7,0,0
BRDA:179,7,1,0
BRF:17
BRH:0
end_of_record
TN:
SF:src\components\HomeSearchBar.tsx
FN:42,(anonymous_0)
FN:75,(anonymous_1)
FN:76,(anonymous_2)
FN:86,(anonymous_3)
FN:90,(anonymous_4)
FN:91,(anonymous_5)
FN:102,(anonymous_6)
FN:109,(anonymous_7)
FN:126,(anonymous_8)
FN:127,(anonymous_9)
FN:128,(anonymous_10)
FN:133,(anonymous_11)
FN:145,(anonymous_12)
FN:156,(anonymous_13)
FN:160,(anonymous_14)
FN:164,(anonymous_15)
FN:165,(anonymous_16)
FN:168,(anonymous_17)
FN:178,(anonymous_18)
FN:186,(anonymous_19)
FN:190,(anonymous_20)
FN:195,(anonymous_21)
FN:209,(anonymous_22)
FN:230,(anonymous_23)
FN:231,(anonymous_24)
FN:248,(anonymous_25)
FN:252,(anonymous_26)
FN:253,(anonymous_27)
FN:267,(anonymous_28)
FN:271,(anonymous_29)
FN:339,(anonymous_30)
FN:359,(anonymous_31)
FN:363,(anonymous_32)
FN:379,(anonymous_33)
FN:383,(anonymous_34)
FN:399,(anonymous_35)
FN:403,(anonymous_36)
FN:418,(anonymous_37)
FN:432,(anonymous_38)
FN:436,(anonymous_39)
FNF:40
FNH:0
FNDA:0,(anonymous_0)
FNDA:0,(anonymous_1)
FNDA:0,(anonymous_2)
FNDA:0,(anonymous_3)
FNDA:0,(anonymous_4)
FNDA:0,(anonymous_5)
FNDA:0,(anonymous_6)
FNDA:0,(anonymous_7)
FNDA:0,(anonymous_8)
FNDA:0,(anonymous_9)
FNDA:0,(anonymous_10)
FNDA:0,(anonymous_11)
FNDA:0,(anonymous_12)
FNDA:0,(anonymous_13)
FNDA:0,(anonymous_14)
FNDA:0,(anonymous_15)
FNDA:0,(anonymous_16)
FNDA:0,(anonymous_17)
FNDA:0,(anonymous_18)
FNDA:0,(anonymous_19)
FNDA:0,(anonymous_20)
FNDA:0,(anonymous_21)
FNDA:0,(anonymous_22)
FNDA:0,(anonymous_23)
FNDA:0,(anonymous_24)
FNDA:0,(anonymous_25)
FNDA:0,(anonymous_26)
FNDA:0,(anonymous_27)
FNDA:0,(anonymous_28)
FNDA:0,(anonymous_29)
FNDA:0,(anonymous_30)
FNDA:0,(anonymous_31)
FNDA:0,(anonymous_32)
FNDA:0,(anonymous_33)
FNDA:0,(anonymous_34)
FNDA:0,(anonymous_35)
FNDA:0,(anonymous_36)
FNDA:0,(anonymous_37)
FNDA:0,(anonymous_38)
FNDA:0,(anonymous_39)
DA:1,0
DA:2,0
DA:3,0
DA:27,0
DA:28,0
DA:42,0
DA:47,0
DA:48,0
DA:49,0
DA:50,0
DA:51,0
DA:52,0
DA:53,0
DA:56,0
DA:57,0
DA:58,0
DA:59,0
DA:60,0
DA:65,0
DA:66,0
DA:67,0
DA:68,0
DA:69,0
DA:72,0
DA:75,0
DA:76,0
DA:77,0
DA:78,0
DA:80,0
DA:81,0
DA:85,0
DA:86,0
DA:90,0
DA:91,0
DA:92,0
DA:93,0
DA:95,0
DA:96,0
DA:102,0
DA:103,0
DA:104,0
DA:107,0
DA:108,0
DA:109,0
DA:111,0
DA:117,0
DA:118,0
DA:121,0
DA:122,0
DA:126,0
DA:127,0
DA:128,0
DA:129,0
DA:133,0
DA:134,0
DA:135,0
DA:136,0
DA:137,0
DA:138,0
DA:140,0
DA:145,0
DA:146,0
DA:147,0
DA:148,0
DA:149,0
DA:151,0
DA:153,0
DA:156,0
DA:157,0
DA:160,0
DA:161,0
DA:164,0
DA:165,0
DA:168,0
DA:169,0
DA:170,0
DA:171,0
DA:172,0
DA:174,0
DA:178,0
DA:179,0
DA:180,0
DA:181,0
DA:182,0
DA:186,0
DA:187,0
DA:188,0
DA:190,0
DA:191,0
DA:195,0
DA:196,0
DA:197,0
DA:199,0
DA:203,0
DA:209,0
DA:210,0
DA:220,0
DA:223,0
DA:230,0
DA:231,0
DA:249,0
DA:252,0
DA:253,0
DA:268,0
DA:272,0
DA:273,0
DA:339,0
DA:360,0
DA:363,0
DA:380,0
DA:383,0
DA:400,0
DA:403,0
DA:418,0
DA:433,0
DA:436,0
LF:116
LH:0
BRDA:77,0,0,0
BRDA:77,0,1,0
BRDA:77,1,0,0
BRDA:77,1,1,0
BRDA:80,2,0,0
BRDA:80,2,1,0
BRDA:80,3,0,0
BRDA:80,3,1,0
BRDA:92,4,0,0
BRDA:92,4,1,0
BRDA:95,5,0,0
BRDA:95,5,1,0
BRDA:103,6,0,0
BRDA:103,6,1,0
BRDA:107,7,0,0
BRDA:107,7,1,0
BRDA:135,8,0,0
BRDA:135,8,1,0
BRDA:137,9,0,0
BRDA:137,9,1,0
BRDA:148,10,0,0
BRDA:148,10,1,0
BRDA:171,11,0,0
BRDA:171,11,1,0
BRDA:181,12,0,0
BRDA:181,12,1,0
BRDA:187,13,0,0
BRDA:187,13,1,0
BRDA:196,14,0,0
BRDA:196,14,1,0
BRDA:220,15,0,0
BRDA:220,15,1,0
BRDA:229,16,0,0
BRDA:229,16,1,0
BRDA:231,17,0,0
BRDA:231,17,1,0
BRDA:235,18,0,0
BRDA:235,18,1,0
BRDA:237,19,0,0
BRDA:237,19,1,0
BRDA:238,20,0,0
BRDA:238,20,1,0
BRDA:244,21,0,0
BRDA:244,21,1,0
BRDA:251,22,0,0
BRDA:251,22,1,0
BRDA:251,23,0,0
BRDA:251,23,1,0
BRDA:251,24,0,0
BRDA:251,24,1,0
BRDA:251,25,0,0
BRDA:251,25,1,0
BRDA:251,26,0,0
BRDA:251,26,1,0
BRDA:251,27,0,0
BRDA:251,27,1,0
BRDA:267,28,0,0
BRDA:267,28,1,0
BRDA:267,29,0,0
BRDA:267,29,1,0
BRDA:267,30,0,0
BRDA:267,30,1,0
BRDA:267,31,0,0
BRDA:267,31,1,0
BRDA:267,32,0,0
BRDA:267,32,1,0
BRDA:333,33,0,0
BRDA:333,33,1,0
BRDA:338,34,0,0
BRDA:338,34,1,0
BRDA:339,35,0,0
BRDA:339,35,1,0
BRDA:339,36,0,0
BRDA:339,36,1,0
BRDA:350,37,0,0
BRDA:350,37,1,0
BRDA:353,38,0,0
BRDA:353,38,1,0
BRDA:353,38,2,0
BRDA:373,39,0,0
BRDA:373,39,1,0
BRDA:393,40,0,0
BRDA:393,40,1,0
BRDA:417,41,0,0
BRDA:417,41,1,0
BRDA:424,42,0,0
BRDA:424,42,1,0
BRDA:430,43,0,0
BRDA:430,43,1,0
BRDA:435,44,0,0
BRDA:435,44,1,0
BRF:91
BRH:0
end_of_record
TN:
SF:src\components\ImageTextGrid.tsx
FN:3,(anonymous_0)
FN:21,(anonymous_1)
FNF:2
FNH:2
FNDA:10,(anonymous_0)
FNDA:20,(anonymous_1)
DA:1,1
DA:3,1
DA:4,10
DA:19,10
DA:22,20
LF:5
LH:5
BRDA:28,0,0,10
BRDA:28,0,1,10
BRDA:33,1,0,10
BRDA:33,1,1,10
BRDA:36,2,0,10
BRDA:36,2,1,10
BRF:6
BRH:6
end_of_record
TN:
SF:src\components\LanguageSelector.tsx
FN:10,(anonymous_0)
FN:17,(anonymous_1)
FN:24,(anonymous_2)
FN:27,(anonymous_3)
FN:49,(anonymous_4)
FN:52,(anonymous_5)
FNF:6
FNH:6
FNDA:18,(anonymous_0)
FNDA:2,(anonymous_1)
FNDA:23,(anonymous_2)
FNDA:1,(anonymous_3)
FNDA:24,(anonymous_4)
FNDA:1,(anonymous_5)
DA:2,1
DA:10,1
DA:15,18
DA:17,18
DA:18,2
DA:21,18
DA:22,8
DA:25,23
DA:27,1
DA:42,10
DA:50,24
DA:52,1
DA:67,1
LF:13
LH:13
BRDA:11,0,0,16
BRDA:12,1,0,17
BRDA:13,2,0,10
BRDA:21,3,0,8
BRDA:21,3,1,10
BRDA:29,4,0,8
BRDA:29,4,1,15
BRDA:44,5,0,10
BRDA:44,5,1,9
BRDA:54,6,0,9
BRDA:54,6,1,15
BRDA:59,7,0,21
BRDA:59,7,1,3
BRF:13
BRH:13
end_of_record
TN:
SF:src\components\Layout.tsx
FN:12,(anonymous_0)
FN:22,(anonymous_1)
FNF:2
FNH:0
FNDA:0,(anonymous_0)
FNDA:0,(anonymous_1)
DA:1,0
DA:2,0
DA:3,0
DA:4,0
DA:5,0
DA:12,0
DA:13,0
DA:14,0
DA:15,0
DA:18,0
DA:22,0
DA:24,0
DA:27,0
LF:13
LH:0
BRDA:61,0,0,0
BRDA:61,0,1,0
BRDA:64,1,0,0
BRDA:64,1,1,0
BRDA:126,2,0,0
BRDA:126,2,1,0
BRF:6
BRH:0
end_of_record
TN:
SF:src\components\ListingDetail.tsx
FN:44,(anonymous_9)
FN:59,(anonymous_10)
FN:77,(anonymous_11)
FN:93,(anonymous_12)
FN:109,(anonymous_13)
FN:133,(anonymous_14)
FN:140,(anonymous_15)
FN:160,(anonymous_16)
FN:164,(anonymous_17)
FN:169,(anonymous_18)
FN:173,(anonymous_19)
FN:187,(anonymous_20)
FN:195,(anonymous_21)
FN:198,(anonymous_22)
FN:204,(anonymous_23)
FN:235,(anonymous_24)
FN:352,(anonymous_25)
FN:358,(anonymous_26)
FN:383,(anonymous_27)
FN:396,(anonymous_28)
FN:400,(anonymous_29)
FN:408,(anonymous_30)
FN:423,(anonymous_31)
FN:519,(anonymous_32)
FN:525,(anonymous_33)
FN:574,TabPanel
FN:593,(anonymous_35)
FN:622,(anonymous_36)
FN:635,(anonymous_37)
FN:641,(anonymous_38)
FN:646,(anonymous_39)
FN:648,(anonymous_40)
FN:653,(anonymous_41)
FN:655,(anonymous_42)
FN:660,(anonymous_43)
FN:661,(anonymous_44)
FN:664,(anonymous_45)
FN:665,(anonymous_46)
FN:668,(anonymous_47)
FN:673,(anonymous_48)
FN:674,(anonymous_49)
FN:704,(anonymous_50)
FN:710,(anonymous_51)
FN:710,(anonymous_52)
FN:717,(anonymous_53)
FN:727,(anonymous_54)
FN:733,(anonymous_55)
FN:734,(anonymous_56)
FN:734,(anonymous_57)
FN:751,(anonymous_58)
FN:770,(anonymous_59)
FN:770,(anonymous_60)
FN:791,(anonymous_61)
FN:791,(anonymous_62)
FN:806,(anonymous_63)
FN:831,(anonymous_64)
FN:831,(anonymous_65)
FN:846,(anonymous_66)
FN:846,(anonymous_67)
FN:851,(anonymous_68)
FN:859,(anonymous_69)
FN:859,(anonymous_70)
FN:871,(anonymous_71)
FN:874,(anonymous_72)
FN:877,(anonymous_73)
FN:893,(anonymous_74)
FN:898,(anonymous_75)
FN:916,(anonymous_76)
FN:1178,(anonymous_77)
FN:1450,(anonymous_78)
FN:1453,(anonymous_79)
FN:1494,(anonymous_80)
FN:1572,(anonymous_81)
FN:1574,(anonymous_82)
FN:1575,(anonymous_83)
FN:1578,(anonymous_84)
FN:1580,(anonymous_85)
FN:1603,(anonymous_86)
FN:1607,(anonymous_87)
FN:1608,(anonymous_88)
FN:1609,(anonymous_89)
FN:1610,(anonymous_90)
FN:1613,(anonymous_91)
FN:1615,(anonymous_92)
FN:1734,(anonymous_93)
FN:1759,(anonymous_94)
FN:1793,(anonymous_95)
FN:1793,(anonymous_96)
FN:1817,(anonymous_97)
FN:1826,(anonymous_98)
FN:1836,(anonymous_99)
FN:1840,(anonymous_100)
FN:1846,(anonymous_101)
FNF:93
FNH:0
FNDA:0,(anonymous_9)
FNDA:0,(anonymous_10)
FNDA:0,(anonymous_11)
FNDA:0,(anonymous_12)
FNDA:0,(anonymous_13)
FNDA:0,(anonymous_14)
FNDA:0,(anonymous_15)
FNDA:0,(anonymous_16)
FNDA:0,(anonymous_17)
FNDA:0,(anonymous_18)
FNDA:0,(anonymous_19)
FNDA:0,(anonymous_20)
FNDA:0,(anonymous_21)
FNDA:0,(anonymous_22)
FNDA:0,(anonymous_23)
FNDA:0,(anonymous_24)
FNDA:0,(anonymous_25)
FNDA:0,(anonymous_26)
FNDA:0,(anonymous_27)
FNDA:0,(anonymous_28)
FNDA:0,(anonymous_29)
FNDA:0,(anonymous_30)
FNDA:0,(anonymous_31)
FNDA:0,(anonymous_32)
FNDA:0,(anonymous_33)
FNDA:0,TabPanel
FNDA:0,(anonymous_35)
FNDA:0,(anonymous_36)
FNDA:0,(anonymous_37)
FNDA:0,(anonymous_38)
FNDA:0,(anonymous_39)
FNDA:0,(anonymous_40)
FNDA:0,(anonymous_41)
FNDA:0,(anonymous_42)
FNDA:0,(anonymous_43)
FNDA:0,(anonymous_44)
FNDA:0,(anonymous_45)
FNDA:0,(anonymous_46)
FNDA:0,(anonymous_47)
FNDA:0,(anonymous_48)
FNDA:0,(anonymous_49)
FNDA:0,(anonymous_50)
FNDA:0,(anonymous_51)
FNDA:0,(anonymous_52)
FNDA:0,(anonymous_53)
FNDA:0,(anonymous_54)
FNDA:0,(anonymous_55)
FNDA:0,(anonymous_56)
FNDA:0,(anonymous_57)
FNDA:0,(anonymous_58)
FNDA:0,(anonymous_59)
FNDA:0,(anonymous_60)
FNDA:0,(anonymous_61)
FNDA:0,(anonymous_62)
FNDA:0,(anonymous_63)
FNDA:0,(anonymous_64)
FNDA:0,(anonymous_65)
FNDA:0,(anonymous_66)
FNDA:0,(anonymous_67)
FNDA:0,(anonymous_68)
FNDA:0,(anonymous_69)
FNDA:0,(anonymous_70)
FNDA:0,(anonymous_71)
FNDA:0,(anonymous_72)
FNDA:0,(anonymous_73)
FNDA:0,(anonymous_74)
FNDA:0,(anonymous_75)
FNDA:0,(anonymous_76)
FNDA:0,(anonymous_77)
FNDA:0,(anonymous_78)
FNDA:0,(anonymous_79)
FNDA:0,(anonymous_80)
FNDA:0,(anonymous_81)
FNDA:0,(anonymous_82)
FNDA:0,(anonymous_83)
FNDA:0,(anonymous_84)
FNDA:0,(anonymous_85)
FNDA:0,(anonymous_86)
FNDA:0,(anonymous_87)
FNDA:0,(anonymous_88)
FNDA:0,(anonymous_89)
FNDA:0,(anonymous_90)
FNDA:0,(anonymous_91)
FNDA:0,(anonymous_92)
FNDA:0,(anonymous_93)
FNDA:0,(anonymous_94)
FNDA:0,(anonymous_95)
FNDA:0,(anonymous_96)
FNDA:0,(anonymous_97)
FNDA:0,(anonymous_98)
FNDA:0,(anonymous_99)
FNDA:0,(anonymous_100)
FNDA:0,(anonymous_101)
DA:1,0
DA:2,0
DA:3,0
DA:26,0
DA:27,0
DA:28,0
DA:29,0
DA:30,0
DA:31,0
DA:32,0
DA:33,0
DA:34,0
DA:35,0
DA:36,0
DA:37,0
DA:38,0
DA:39,0
DA:40,0
DA:41,0
DA:44,0
DA:45,0
DA:59,0
DA:60,0
DA:77,0
DA:78,0
DA:93,0
DA:94,0
DA:109,0
DA:110,0
DA:133,0
DA:134,0
DA:135,0
DA:136,0
DA:140,0
DA:151,0
DA:152,0
DA:153,0
DA:154,0
DA:155,0
DA:158,0
DA:160,0
DA:161,0
DA:164,0
DA:165,0
DA:166,0
DA:169,0
DA:170,0
DA:173,0
DA:174,0
DA:176,0
DA:177,0
DA:178,0
DA:180,0
DA:181,0
DA:182,0
DA:183,0
DA:187,0
DA:188,0
DA:190,0
DA:191,0
DA:192,0
DA:195,0
DA:198,0
DA:199,0
DA:200,0
DA:204,0
DA:205,0
DA:206,0
DA:210,0
DA:235,0
DA:353,0
DA:358,0
DA:383,0
DA:394,0
DA:396,0
DA:397,0
DA:400,0
DA:401,0
DA:402,0
DA:403,0
DA:404,0
DA:408,0
DA:409,0
DA:410,0
DA:411,0
DA:412,0
DA:416,0
DA:423,0
DA:520,0
DA:526,0
DA:527,0
DA:552,0
DA:553,0
DA:554,0
DA:556,0
DA:558,0
DA:559,0
DA:561,0
DA:562,0
DA:563,0
DA:564,0
DA:565,0
DA:566,0
DA:575,0
DA:576,0
DA:593,0
DA:594,0
DA:595,0
DA:596,0
DA:597,0
DA:599,0
DA:600,0
DA:601,0
DA:602,0
DA:603,0
DA:604,0
DA:605,0
DA:606,0
DA:607,0
DA:610,0
DA:611,0
DA:612,0
DA:613,0
DA:614,0
DA:615,0
DA:616,0
DA:617,0
DA:618,0
DA:619,0
DA:622,0
DA:623,0
DA:624,0
DA:625,0
DA:627,0
DA:628,0
DA:632,0
DA:635,0
DA:636,0
DA:637,0
DA:638,0
DA:641,0
DA:642,0
DA:643,0
DA:646,0
DA:647,0
DA:648,0
DA:649,0
DA:653,0
DA:654,0
DA:655,0
DA:656,0
DA:660,0
DA:661,0
DA:664,0
DA:665,0
DA:668,0
DA:669,0
DA:673,0
DA:674,0
DA:675,0
DA:677,0
DA:679,0
DA:680,0
DA:682,0
DA:683,0
DA:685,0
DA:686,0
DA:689,0
DA:690,0
DA:692,0
DA:693,0
DA:695,0
DA:696,0
DA:700,0
DA:701,0
DA:704,0
DA:705,0
DA:710,0
DA:711,0
DA:713,0
DA:714,0
DA:715,0
DA:716,0
DA:717,0
DA:719,0
DA:721,0
DA:723,0
DA:727,0
DA:728,0
DA:729,0
DA:733,0
DA:734,0
DA:735,0
DA:736,0
DA:737,0
DA:738,0
DA:739,0
DA:740,0
DA:742,0
DA:748,0
DA:749,0
DA:750,0
DA:751,0
DA:753,0
DA:755,0
DA:758,0
DA:759,0
DA:761,0
DA:765,0
DA:770,0
DA:771,0
DA:773,0
DA:775,0
DA:777,0
DA:778,0
DA:779,0
DA:782,0
DA:786,0
DA:791,0
DA:792,0
DA:793,0
DA:794,0
DA:797,0
DA:798,0
DA:799,0
DA:800,0
DA:803,0
DA:805,0
DA:806,0
DA:809,0
DA:810,0
DA:817,0
DA:818,0
DA:819,0
DA:820,0
DA:821,0
DA:822,0
DA:824,0
DA:825,0
DA:826,0
DA:827,0
DA:831,0
DA:832,0
DA:834,0
DA:835,0
DA:836,0
DA:838,0
DA:840,0
DA:846,0
DA:847,0
DA:849,0
DA:850,0
DA:851,0
DA:854,0
DA:855,0
DA:859,0
DA:860,0
DA:862,0
DA:863,0
DA:866,0
DA:867,0
DA:871,0
DA:874,0
DA:877,0
DA:878,0
DA:880,0
DA:881,0
DA:888,0
DA:893,0
DA:894,0
DA:898,0
DA:899,0
DA:901,0
DA:903,0
DA:904,0
DA:905,0
DA:907,0
DA:908,0
DA:911,0
DA:913,0
DA:916,0
DA:917,0
DA:919,0
DA:928,0
DA:929,0
DA:933,0
DA:935,0
DA:936,0
DA:937,0
DA:938,0
DA:939,0
DA:940,0
DA:941,0
DA:942,0
DA:943,0
DA:944,0
DA:945,0
DA:950,0
DA:951,0
DA:952,0
DA:953,0
DA:954,0
DA:955,0
DA:956,0
DA:957,0
DA:958,0
DA:959,0
DA:960,0
DA:961,0
DA:962,0
DA:963,0
DA:967,0
DA:968,0
DA:969,0
DA:973,0
DA:974,0
DA:975,0
DA:976,0
DA:979,0
DA:982,0
DA:983,0
DA:992,0
DA:993,0
DA:1002,0
DA:1178,0
DA:1451,0
DA:1453,0
DA:1495,0
DA:1573,0
DA:1574,0
DA:1575,0
DA:1576,0
DA:1579,0
DA:1581,0
DA:1604,0
DA:1605,0
DA:1607,0
DA:1608,0
DA:1609,0
DA:1610,0
DA:1611,0
DA:1614,0
DA:1616,0
DA:1734,0
DA:1759,0
DA:1793,0
DA:1817,0
DA:1826,0
DA:1836,0
DA:1840,0
DA:1846,0
DA:1856,0
LF:352
LH:0
BRDA:134,0,0,0
BRDA:134,0,1,0
BRDA:135,1,0,0
BRDA:135,1,1,0
BRDA:174,2,0,0
BRDA:174,2,1,0
BRDA:174,3,0,0
BRDA:174,3,1,0
BRDA:180,4,0,0
BRDA:180,4,1,0
BRDA:180,5,0,0
BRDA:180,5,1,0
BRDA:182,6,0,0
BRDA:182,6,1,0
BRDA:182,7,0,0
BRDA:182,7,1,0
BRDA:188,8,0,0
BRDA:188,8,1,0
BRDA:188,9,0,0
BRDA:188,9,1,0
BRDA:188,9,2,0
BRDA:199,10,0,0
BRDA:199,10,1,0
BRDA:205,11,0,0
BRDA:205,11,1,0
BRDA:242,12,0,0
BRDA:242,12,1,0
BRDA:267,13,0,0
BRDA:267,13,1,0
BRDA:282,14,0,0
BRDA:282,14,1,0
BRDA:309,15,0,0
BRDA:309,15,1,0
BRDA:326,16,0,0
BRDA:326,16,1,0
BRDA:366,17,0,0
BRDA:366,17,1,0
BRDA:368,18,0,0
BRDA:368,18,1,0
BRDA:401,19,0,0
BRDA:401,19,1,0
BRDA:409,20,0,0
BRDA:409,20,1,0
BRDA:436,21,0,0
BRDA:436,21,1,0
BRDA:451,22,0,0
BRDA:451,22,1,0
BRDA:478,23,0,0
BRDA:478,23,1,0
BRDA:495,24,0,0
BRDA:495,24,1,0
BRDA:536,25,0,0
BRDA:536,25,1,0
BRDA:584,26,0,0
BRDA:584,26,1,0
BRDA:623,27,0,0
BRDA:623,27,1,0
BRDA:624,28,0,0
BRDA:624,28,1,0
BRDA:624,29,0,0
BRDA:624,29,1,0
BRDA:632,30,0,0
BRDA:632,30,1,0
BRDA:647,31,0,0
BRDA:647,31,1,0
BRDA:647,32,0,0
BRDA:647,32,1,0
BRDA:647,33,0,0
BRDA:647,33,1,0
BRDA:654,34,0,0
BRDA:654,34,1,0
BRDA:654,35,0,0
BRDA:654,35,1,0
BRDA:654,36,0,0
BRDA:654,36,1,0
BRDA:675,37,0,0
BRDA:675,37,1,0
BRDA:677,38,0,0
BRDA:677,38,1,0
BRDA:677,38,2,0
BRDA:677,38,3,0
BRDA:677,38,4,0
BRDA:677,38,5,0
BRDA:677,38,6,0
BRDA:700,39,0,0
BRDA:700,39,1,0
BRDA:711,40,0,0
BRDA:711,40,1,0
BRDA:728,41,0,0
BRDA:728,41,1,0
BRDA:735,42,0,0
BRDA:735,42,1,0
BRDA:738,43,0,0
BRDA:738,43,1,0
BRDA:751,44,0,0
BRDA:751,44,1,0
BRDA:771,45,0,0
BRDA:771,45,1,0
BRDA:775,46,0,0
BRDA:775,46,1,0
BRDA:775,47,0,0
BRDA:775,47,1,0
BRDA:775,48,0,0
BRDA:775,48,1,0
BRDA:778,49,0,0
BRDA:778,49,1,0
BRDA:792,50,0,0
BRDA:792,50,1,0
BRDA:794,51,0,0
BRDA:794,51,1,0
BRDA:797,52,0,0
BRDA:797,52,1,0
BRDA:806,53,0,0
BRDA:806,53,1,0
BRDA:806,54,0,0
BRDA:806,54,1,0
BRDA:806,55,0,0
BRDA:806,55,1,0
BRDA:806,56,0,0
BRDA:806,56,1,0
BRDA:809,57,0,0
BRDA:809,57,1,0
BRDA:811,58,0,0
BRDA:811,58,1,0
BRDA:811,59,0,0
BRDA:811,59,1,0
BRDA:811,60,0,0
BRDA:811,60,1,0
BRDA:812,61,0,0
BRDA:812,61,1,0
BRDA:812,62,0,0
BRDA:812,62,1,0
BRDA:812,63,0,0
BRDA:812,63,1,0
BRDA:832,64,0,0
BRDA:832,64,1,0
BRDA:832,65,0,0
BRDA:832,65,1,0
BRDA:832,66,0,0
BRDA:832,66,1,0
BRDA:834,67,0,0
BRDA:834,67,1,0
BRDA:847,68,0,0
BRDA:847,68,1,0
BRDA:847,69,0,0
BRDA:847,69,1,0
BRDA:847,70,0,0
BRDA:847,70,1,0
BRDA:851,71,0,0
BRDA:851,71,1,0
BRDA:855,72,0,0
BRDA:855,72,1,0
BRDA:860,73,0,0
BRDA:860,73,1,0
BRDA:860,74,0,0
BRDA:860,74,1,0
BRDA:860,75,0,0
BRDA:860,75,1,0
BRDA:878,76,0,0
BRDA:878,76,1,0
BRDA:880,77,0,0
BRDA:880,77,1,0
BRDA:899,78,0,0
BRDA:899,78,1,0
BRDA:903,79,0,0
BRDA:903,79,1,0
BRDA:905,80,0,0
BRDA:905,80,1,0
BRDA:911,81,0,0
BRDA:911,81,1,0
BRDA:917,82,0,0
BRDA:917,82,1,0
BRDA:920,83,0,0
BRDA:920,83,1,0
BRDA:921,84,0,0
BRDA:921,84,1,0
BRDA:923,85,0,0
BRDA:923,85,1,0
BRDA:923,86,0,0
BRDA:923,86,1,0
BRDA:923,87,0,0
BRDA:923,87,1,0
BRDA:924,88,0,0
BRDA:924,88,1,0
BRDA:928,89,0,0
BRDA:928,89,1,0
BRDA:933,90,0,0
BRDA:933,90,1,0
BRDA:935,91,0,0
BRDA:935,91,1,0
BRDA:936,92,0,0
BRDA:936,92,1,0
BRDA:937,93,0,0
BRDA:937,93,1,0
BRDA:938,94,0,0
BRDA:938,94,1,0
BRDA:939,95,0,0
BRDA:939,95,1,0
BRDA:940,96,0,0
BRDA:940,96,1,0
BRDA:941,97,0,0
BRDA:941,97,1,0
BRDA:942,98,0,0
BRDA:942,98,1,0
BRDA:943,99,0,0
BRDA:943,99,1,0
BRDA:944,100,0,0
BRDA:944,100,1,0
BRDA:945,101,0,0
BRDA:945,101,1,0
BRDA:945,102,0,0
BRDA:945,102,1,0
BRDA:950,103,0,0
BRDA:950,103,1,0
BRDA:950,104,0,0
BRDA:950,104,1,0
BRDA:952,105,0,0
BRDA:952,105,1,0
BRDA:953,106,0,0
BRDA:953,106,1,0
BRDA:953,107,0,0
BRDA:953,107,1,0
BRDA:954,108,0,0
BRDA:954,108,1,0
BRDA:954,109,0,0
BRDA:954,109,1,0
BRDA:955,110,0,0
BRDA:955,110,1,0
BRDA:955,111,0,0
BRDA:955,111,1,0
BRDA:956,112,0,0
BRDA:956,112,1,0
BRDA:957,113,0,0
BRDA:957,113,1,0
BRDA:957,114,0,0
BRDA:957,114,1,0
BRDA:958,115,0,0
BRDA:958,115,1,0
BRDA:959,116,0,0
BRDA:959,116,1,0
BRDA:960,117,0,0
BRDA:960,117,1,0
BRDA:961,118,0,0
BRDA:961,118,1,0
BRDA:962,119,0,0
BRDA:962,119,1,0
BRDA:963,120,0,0
BRDA:963,120,1,0
BRDA:967,121,0,0
BRDA:967,121,1,0
BRDA:968,122,0,0
BRDA:968,122,1,0
BRDA:969,123,0,0
BRDA:969,123,1,0
BRDA:973,124,0,0
BRDA:973,124,1,0
BRDA:974,125,0,0
BRDA:974,125,1,0
BRDA:975,126,0,0
BRDA:975,126,1,0
BRDA:976,127,0,0
BRDA:976,127,1,0
BRDA:982,128,0,0
BRDA:982,128,1,0
BRDA:992,129,0,0
BRDA:992,129,1,0
BRDA:992,130,0,0
BRDA:992,130,1,0
BRDA:996,131,0,0
BRDA:996,131,1,0
BRDA:1012,132,0,0
BRDA:1012,132,1,0
BRDA:1012,133,0,0
BRDA:1012,133,1,0
BRDA:1012,134,0,0
BRDA:1012,134,1,0
BRDA:1013,135,0,0
BRDA:1013,135,1,0
BRDA:1013,136,0,0
BRDA:1013,136,1,0
BRDA:1013,137,0,0
BRDA:1013,137,1,0
BRDA:1015,138,0,0
BRDA:1015,138,1,0
BRDA:1015,139,0,0
BRDA:1015,139,1,0
BRDA:1019,140,0,0
BRDA:1019,140,1,0
BRDA:1019,141,0,0
BRDA:1019,141,1,0
BRDA:1019,142,0,0
BRDA:1019,142,1,0
BRDA:1066,143,0,0
BRDA:1066,143,1,0
BRDA:1070,144,0,0
BRDA:1070,144,1,0
BRDA:1075,145,0,0
BRDA:1075,145,1,0
BRDA:1108,146,0,0
BRDA:1108,146,1,0
BRDA:1151,147,0,0
BRDA:1151,147,1,0
BRDA:1176,148,0,0
BRDA:1176,148,1,0
BRDA:1176,148,2,0
BRDA:1176,148,3,0
BRDA:1176,149,0,0
BRDA:1176,149,1,0
BRDA:1176,150,0,0
BRDA:1176,150,1,0
BRDA:1237,151,0,0
BRDA:1237,151,1,0
BRDA:1237,152,0,0
BRDA:1237,152,1,0
BRDA:1323,153,0,0
BRDA:1323,153,1,0
BRDA:1323,153,2,0
BRDA:1323,154,0,0
BRDA:1323,154,1,0
BRDA:1323,155,0,0
BRDA:1323,155,1,0
BRDA:1423,156,0,0
BRDA:1423,156,1,0
BRDA:1423,157,0,0
BRDA:1423,157,1,0
BRDA:1423,158,0,0
BRDA:1423,158,1,0
BRDA:1439,159,0,0
BRDA:1439,159,1,0
BRDA:1439,159,2,0
BRDA:1439,160,0,0
BRDA:1439,160,1,0
BRDA:1439,161,0,0
BRDA:1439,161,1,0
BRDA:1458,162,0,0
BRDA:1458,162,1,0
BRDA:1462,163,0,0
BRDA:1462,163,1,0
BRDA:1566,164,0,0
BRDA:1566,164,1,0
BRDA:1598,165,0,0
BRDA:1598,165,1,0
BRDA:1598,165,2,0
BRDA:1604,166,0,0
BRDA:1604,166,1,0
BRDA:1605,167,0,0
BRDA:1605,167,1,0
BRDA:1662,168,0,0
BRDA:1662,168,1,0
BRDA:1687,169,0,0
BRDA:1687,169,1,0
BRDA:1707,170,0,0
BRDA:1707,170,1,0
BRDA:1707,171,0,0
BRDA:1707,171,1,0
BRDA:1707,172,0,0
BRDA:1707,172,1,0
BRDA:1710,173,0,0
BRDA:1710,173,1,0
BRDA:1710,174,0,0
BRDA:1710,174,1,0
BRDA:1718,175,0,0
BRDA:1718,175,1,0
BRDA:1718,176,0,0
BRDA:1718,176,1,0
BRDA:1718,177,0,0
BRDA:1718,177,1,0
BRDA:1719,178,0,0
BRDA:1719,178,1,0
BRDA:1723,179,0,0
BRDA:1723,179,1,0
BRDA:1745,180,0,0
BRDA:1745,180,1,0
BRDA:1745,181,0,0
BRDA:1745,181,1,0
BRDA:1745,182,0,0
BRDA:1745,182,1,0
BRDA:1745,183,0,0
BRDA:1745,183,1,0
BRDA:1789,184,0,0
BRDA:1789,184,1,0
BRDA:1789,185,0,0
BRDA:1789,185,1,0
BRDA:1789,186,0,0
BRDA:1789,186,1,0
BRDA:1797,187,0,0
BRDA:1797,187,1,0
BRDA:1807,188,0,0
BRDA:1807,188,1,0
BRDA:1818,189,0,0
BRDA:1818,189,1,0
BRDA:1818,190,0,0
BRDA:1818,190,1,0
BRDA:1819,191,0,0
BRDA:1819,191,1,0
BRDA:1819,192,0,0
BRDA:1819,192,1,0
BRDA:1819,193,0,0
BRDA:1819,193,1,0
BRDA:1827,194,0,0
BRDA:1827,194,1,0
BRDA:1827,195,0,0
BRDA:1827,195,1,0
BRDA:1827,196,0,0
BRDA:1827,196,1,0
BRDA:1827,197,0,0
BRDA:1827,197,1,0
BRDA:1827,198,0,0
BRDA:1827,198,1,0
BRDA:1828,199,0,0
BRDA:1828,199,1,0
BRDA:1828,200,0,0
BRDA:1828,200,1,0
BRDA:1828,201,0,0
BRDA:1828,201,1,0
BRDA:1845,202,0,0
BRDA:1845,202,1,0
BRDA:1845,202,2,0
BRDA:1845,202,3,0
BRDA:1846,203,0,0
BRDA:1846,203,1,0
BRDA:1846,204,0,0
BRDA:1846,204,1,0
BRDA:1846,205,0,0
BRDA:1846,205,1,0
BRF:425
BRH:0
end_of_record
TN:
SF:src\components\ListingGridFull.tsx
FN:10,(anonymous_17)
FN:32,(anonymous_18)
FN:33,(anonymous_19)
FN:33,(anonymous_20)
FN:52,(anonymous_21)
FN:56,(anonymous_22)
FN:62,(anonymous_23)
FN:69,(anonymous_24)
FN:77,(anonymous_25)
FN:84,(anonymous_26)
FN:89,(anonymous_27)
FN:94,(anonymous_28)
FN:96,(anonymous_29)
FN:98,(anonymous_30)
FN:100,(anonymous_31)
FN:120,(anonymous_32)
FN:167,(anonymous_33)
FNF:17
FNH:0
FNDA:0,(anonymous_17)
FNDA:0,(anonymous_18)
FNDA:0,(anonymous_19)
FNDA:0,(anonymous_20)
FNDA:0,(anonymous_21)
FNDA:0,(anonymous_22)
FNDA:0,(anonymous_23)
FNDA:0,(anonymous_24)
FNDA:0,(anonymous_25)
FNDA:0,(anonymous_26)
FNDA:0,(anonymous_27)
FNDA:0,(anonymous_28)
FNDA:0,(anonymous_29)
FNDA:0,(anonymous_30)
FNDA:0,(anonymous_31)
FNDA:0,(anonymous_32)
FNDA:0,(anonymous_33)
DA:1,0
DA:2,0
DA:3,0
DA:5,0
DA:8,0
DA:10,0
DA:27,0
DA:28,0
DA:29,0
DA:30,0
DA:32,0
DA:33,0
DA:34,0
DA:35,0
DA:36,0
DA:37,0
DA:38,0
DA:40,0
DA:41,0
DA:42,0
DA:44,0
DA:48,0
DA:52,0
DA:53,0
DA:55,0
DA:56,0
DA:57,0
DA:61,0
DA:62,0
DA:63,0
DA:68,0
DA:69,0
DA:70,0
DA:76,0
DA:77,0
DA:78,0
DA:82,0
DA:83,0
DA:84,0
DA:87,0
DA:88,0
DA:89,0
DA:93,0
DA:94,0
DA:95,0
DA:96,0
DA:97,0
DA:98,0
DA:99,0
DA:100,0
DA:103,0
DA:106,0
DA:107,0
DA:121,0
DA:128,0
DA:129,0
DA:136,0
DA:137,0
DA:149,0
DA:168,0
LF:60
LH:0
BRDA:55,0,0,0
BRDA:55,0,1,0
BRDA:57,1,0,0
BRDA:57,1,1,0
BRDA:57,2,0,0
BRDA:57,2,1,0
BRDA:61,3,0,0
BRDA:61,3,1,0
BRDA:63,4,0,0
BRDA:63,4,1,0
BRDA:63,5,0,0
BRDA:63,5,1,0
BRDA:63,6,0,0
BRDA:63,6,1,0
BRDA:64,7,0,0
BRDA:64,7,1,0
BRDA:64,8,0,0
BRDA:64,8,1,0
BRDA:68,9,0,0
BRDA:68,9,1,0
BRDA:70,10,0,0
BRDA:70,10,1,0
BRDA:70,10,2,0
BRDA:70,11,0,0
BRDA:70,11,1,0
BRDA:70,12,0,0
BRDA:70,12,1,0
BRDA:71,13,0,0
BRDA:71,13,1,0
BRDA:71,14,0,0
BRDA:71,14,1,0
BRDA:72,15,0,0
BRDA:72,15,1,0
BRDA:72,16,0,0
BRDA:72,16,1,0
BRDA:76,17,0,0
BRDA:76,17,1,0
BRDA:78,18,0,0
BRDA:78,18,1,0
BRDA:78,19,0,0
BRDA:78,19,1,0
BRDA:82,20,0,0
BRDA:82,20,1,0
BRDA:87,21,0,0
BRDA:87,21,1,0
BRDA:93,22,0,0
BRDA:93,22,1,0
BRDA:95,23,0,0
BRDA:95,23,1,0
BRDA:97,24,0,0
BRDA:97,24,1,0
BRDA:99,25,0,0
BRDA:99,25,1,0
BRDA:106,26,0,0
BRDA:106,26,1,0
BRDA:128,27,0,0
BRDA:128,27,1,0
BRDA:136,28,0,0
BRDA:136,28,1,0
BRDA:152,29,0,0
BRDA:152,29,1,0
BRF:61
BRH:0
end_of_record
TN:
SF:src\components\ListingPreview.tsx
FN:34,(anonymous_0)
FN:44,(anonymous_1)
FN:49,(anonymous_2)
FN:54,(anonymous_3)
FN:193,(anonymous_4)
FNF:5
FNH:0
FNDA:0,(anonymous_0)
FNDA:0,(anonymous_1)
FNDA:0,(anonymous_2)
FNDA:0,(anonymous_3)
FNDA:0,(anonymous_4)
DA:2,0
DA:13,0
DA:34,0
DA:44,0
DA:47,0
DA:49,0
DA:50,0
DA:51,0
DA:54,0
DA:55,0
DA:64,0
DA:194,0
DA:488,0
LF:13
LH:0
BRDA:40,0,0,0
BRDA:50,1,0,0
BRDA:50,1,1,0
BRDA:94,2,0,0
BRDA:94,2,1,0
BRDA:120,3,0,0
BRDA:120,3,1,0
BRDA:182,4,0,0
BRDA:182,4,1,0
BRDA:200,5,0,0
BRDA:200,5,1,0
BRDA:204,6,0,0
BRDA:204,6,1,0
BRDA:236,7,0,0
BRDA:236,7,1,0
BRDA:239,8,0,0
BRDA:239,8,1,0
BRDA:255,9,0,0
BRDA:255,9,1,0
BRDA:257,10,0,0
BRDA:257,10,1,0
BRDA:257,10,2,0
BRDA:263,11,0,0
BRDA:263,11,1,0
BRDA:270,12,0,0
BRDA:270,12,1,0
BRDA:277,13,0,0
BRDA:277,13,1,0
BRDA:284,14,0,0
BRDA:284,14,1,0
BRDA:291,15,0,0
BRDA:291,15,1,0
BRDA:298,16,0,0
BRDA:298,16,1,0
BRDA:305,17,0,0
BRDA:305,17,1,0
BRDA:318,18,0,0
BRDA:318,18,1,0
BRDA:320,19,0,0
BRDA:320,19,1,0
BRDA:325,20,0,0
BRDA:325,20,1,0
BRDA:331,21,0,0
BRDA:331,21,1,0
BRDA:338,22,0,0
BRDA:338,22,1,0
BRDA:345,23,0,0
BRDA:345,23,1,0
BRDA:352,24,0,0
BRDA:352,24,1,0
BRDA:359,25,0,0
BRDA:359,25,1,0
BRDA:367,26,0,0
BRDA:367,26,1,0
BRDA:375,27,0,0
BRDA:375,27,1,0
BRDA:383,28,0,0
BRDA:383,28,1,0
BRDA:396,29,0,0
BRDA:396,29,1,0
BRDA:416,30,0,0
BRDA:416,30,1,0
BRDA:446,31,0,0
BRDA:446,31,1,0
BRDA:448,32,0,0
BRDA:448,32,1,0
BRDA:453,33,0,0
BRDA:453,33,1,0
BRF:68
BRH:0
end_of_record
TN:
SF:src\components\ListingStatusBadge.tsx
FN:49,(anonymous_0)
FNF:1
FNH:1
FNDA:35,(anonymous_0)
DA:2,1
DA:4,1
DA:21,1
DA:49,1
DA:55,35
DA:56,35
DA:58,35
LF:7
LH:7
BRDA:51,0,0,25
BRDA:52,1,0,27
BRDA:53,2,0,32
BRDA:60,3,0,33
BRDA:60,3,1,2
BRDA:67,4,0,27
BRDA:67,4,1,8
BRF:7
BRH:7
end_of_record
TN:
SF:src\components\ListingStatusSelector.tsx
FN:68,(anonymous_7)
FN:81,(anonymous_8)
FN:81,(anonymous_9)
FN:100,(anonymous_10)
FN:121,(anonymous_11)
FN:144,(anonymous_12)
FN:147,(anonymous_13)
FN:177,(anonymous_14)
FNF:8
FNH:4
FNDA:41,(anonymous_7)
FNDA:0,(anonymous_8)
FNDA:0,(anonymous_9)
FNDA:17,(anonymous_10)
FNDA:0,(anonymous_11)
FNDA:0,(anonymous_12)
FNDA:205,(anonymous_13)
FNDA:1,(anonymous_14)
DA:1,1
DA:2,1
DA:18,1
DA:35,1
DA:68,1
DA:73,41
DA:74,41
DA:75,41
DA:76,41
DA:78,41
DA:79,41
DA:81,41
DA:82,0
DA:83,0
DA:84,0
DA:87,0
DA:88,0
DA:90,0
DA:91,0
DA:92,0
DA:94,0
DA:96,0
DA:100,41
DA:101,17
DA:102,17
DA:103,17
DA:106,41
DA:121,0
DA:144,0
DA:148,205
DA:149,205
DA:177,1
LF:32
LH:20
BRDA:71,0,0,0
BRDA:82,1,0,0
BRDA:82,1,1,0
BRDA:94,2,0,0
BRDA:94,2,1,0
BRDA:116,3,0,3
BRDA:116,3,1,38
BRDA:117,4,0,3
BRDA:117,4,1,38
BRDA:134,5,0,41
BRDA:134,5,1,0
BRDA:152,6,0,41
BRDA:152,6,1,164
BRDA:166,7,0,41
BRDA:166,7,1,3
BRDA:183,8,0,41
BRDA:183,8,1,41
BRDA:184,9,0,0
BRDA:184,9,1,41
BRDA:186,10,0,0
BRDA:186,10,1,41
BRF:21
BRH:13
end_of_record
TN:
SF:src\components\LoadingSpinner.tsx
FN:12,(anonymous_0)
FN:30,(anonymous_1)
FNF:2
FNH:2
FNDA:11,(anonymous_0)
FNDA:8,(anonymous_1)
DA:2,1
DA:12,1
DA:19,11
DA:25,11
DA:27,11
DA:28,2
DA:31,8
DA:43,9
DA:61,9
DA:62,2
DA:82,7
DA:96,1
LF:12
LH:12
BRDA:13,0,0,8
BRDA:14,1,0,7
BRDA:15,2,0,9
BRDA:16,3,0,8
BRDA:17,4,0,10
BRDA:27,5,0,2
BRDA:27,5,1,9
BRDA:53,6,0,9
BRDA:53,6,1,8
BRDA:61,7,0,2
BRDA:61,7,1,7
BRF:11
BRH:11
end_of_record
TN:
SF:src\components\Login.tsx
FN:4,(anonymous_0)
FNF:1
FNH:0
FNDA:0,(anonymous_0)
DA:1,0
DA:2,0
DA:4,0
DA:5,0
LF:4
LH:0
BRF:0
BRH:0
end_of_record
TN:
SF:src\components\LoginForm.tsx
FN:16,(anonymous_8)
FN:26,(anonymous_9)
FN:26,(anonymous_10)
FN:112,(anonymous_11)
FN:125,(anonymous_12)
FN:150,(anonymous_13)
FNF:6
FNH:5
FNDA:87,(anonymous_8)
FNDA:19,(anonymous_9)
FNDA:19,(anonymous_10)
FNDA:15,(anonymous_11)
FNDA:15,(anonymous_12)
FNDA:0,(anonymous_13)
DA:1,1
DA:2,1
DA:3,1
DA:10,1
DA:11,1
DA:12,1
DA:13,1
DA:14,1
DA:16,1
DA:17,87
DA:18,87
DA:19,87
DA:20,87
DA:21,87
DA:22,87
DA:23,87
DA:24,87
DA:26,87
DA:27,19
DA:28,4
DA:29,4
DA:32,15
DA:33,15
DA:35,15
DA:36,15
DA:47,11
DA:48,5
DA:49,5
DA:50,5
DA:53,6
DA:56,6
DA:57,6
DA:60,6
DA:71,6
DA:73,6
DA:74,6
DA:77,1
DA:79,12
DA:83,87
DA:112,15
DA:125,15
DA:150,0
LF:42
LH:41
BRDA:27,0,0,4
BRDA:27,0,1,15
BRDA:27,1,0,19
BRDA:27,1,1,16
BRDA:47,2,0,5
BRDA:47,2,1,6
BRDA:49,3,0,5
BRDA:49,3,1,1
BRDA:61,4,0,6
BRDA:61,4,1,1
BRDA:61,5,0,0
BRDA:61,5,1,6
BRDA:61,6,0,6
BRDA:61,6,1,6
BRDA:62,7,0,6
BRDA:62,7,1,0
BRDA:62,8,0,0
BRDA:62,8,1,6
BRDA:62,9,0,6
BRDA:62,9,1,6
BRDA:63,10,0,0
BRDA:63,10,1,6
BRDA:63,11,0,6
BRDA:63,11,1,6
BRDA:64,12,0,0
BRDA:64,12,1,6
BRDA:64,13,0,6
BRDA:64,13,1,6
BRDA:65,14,0,0
BRDA:65,14,1,6
BRDA:65,15,0,6
BRDA:65,15,1,6
BRDA:66,16,0,0
BRDA:66,16,1,6
BRDA:66,17,0,6
BRDA:66,17,1,6
BRDA:67,18,0,0
BRDA:67,18,1,6
BRDA:67,19,0,6
BRDA:67,19,1,6
BRDA:96,20,0,87
BRDA:96,20,1,12
BRDA:136,21,0,15
BRDA:136,21,1,72
BRF:44
BRH:36
end_of_record
TN:
SF:src\components\LoginStatus.tsx
FN:5,(anonymous_0)
FN:8,(anonymous_1)
FN:50,(anonymous_2)
FNF:3
FNH:3
FNDA:21,(anonymous_0)
FNDA:1,(anonymous_1)
FNDA:1,(anonymous_2)
DA:2,1
DA:3,1
DA:5,1
DA:6,21
DA:8,21
DA:9,1
DA:10,1
DA:13,21
DA:50,1
LF:9
LH:9
BRDA:24,0,0,2
BRDA:24,0,1,19
BRDA:24,1,0,11
BRDA:24,1,1,8
BRDA:25,2,0,2
BRDA:25,2,1,19
BRDA:25,3,0,11
BRDA:25,3,1,8
BRDA:30,4,0,21
BRDA:30,4,1,11
BRDA:40,5,0,8
BRDA:40,5,1,3
BRDA:41,6,0,8
BRDA:41,6,1,3
BRDA:55,7,0,21
BRDA:55,7,1,11
BRDA:69,8,0,1
BRDA:69,8,1,20
BRF:18
BRH:18
end_of_record
TN:
SF:src\components\Logo.tsx
FN:12,(anonymous_1)
FN:20,(anonymous_2)
FNF:2
FNH:2
FNDA:170,(anonymous_1)
FNDA:170,(anonymous_2)
DA:2,3
DA:12,3
DA:17,170
DA:18,170
DA:20,170
DA:21,170
DA:23,1
DA:25,1
DA:27,168
DA:31,170
LF:10
LH:10
BRDA:13,0,0,8
BRDA:14,1,0,169
BRDA:15,2,0,168
BRDA:21,3,0,1
BRDA:21,3,1,1
BRDA:21,3,2,168
BRDA:40,4,0,2
BRDA:40,4,1,168
BRF:8
BRH:8
end_of_record
TN:
SF:src\components\MobileBottomNavigation.tsx
FN:19,(anonymous_0)
FN:25,(anonymous_1)
FN:34,(anonymous_2)
FNF:3
FNH:0
FNDA:0,(anonymous_0)
FNDA:0,(anonymous_1)
FNDA:0,(anonymous_2)
DA:2,0
DA:8,0
DA:15,0
DA:16,0
DA:17,0
DA:19,0
DA:20,0
DA:21,0
DA:22,0
DA:23,0
DA:25,0
DA:26,0
DA:27,0
DA:28,0
DA:29,0
DA:30,0
DA:31,0
DA:34,0
DA:35,0
DA:37,0
DA:38,0
DA:40,0
DA:41,0
DA:43,0
DA:44,0
DA:46,0
DA:48,0
DA:50,0
DA:51,0
DA:53,0
DA:54,0
DA:56,0
DA:58,0
DA:62,0
LF:34
LH:0
BRDA:27,0,0,0
BRDA:27,0,1,0
BRDA:28,1,0,0
BRDA:28,1,1,0
BRDA:28,2,0,0
BRDA:28,2,1,0
BRDA:29,3,0,0
BRDA:29,3,1,0
BRDA:29,4,0,0
BRDA:29,4,1,0
[...]
DA:37,0
DA:40,0
DA:47,0
DA:48,0
DA:49,0
DA:52,0
DA:56,0
DA:57,0
DA:59,0
DA:71,0
DA:72,0
DA:73,0
DA:76,0
LF:26
LH:0
BRDA:7,0,0,0
BRDA:7,0,1,0
BRDA:21,1,0,0
BRDA:21,1,1,0
BRDA:23,2,0,0
BRDA:23,2,1,0
BRDA:27,3,0,0
BRDA:27,4,0,0
BRDA:29,5,0,0
BRDA:29,5,1,0
BRDA:36,6,0,0
BRDA:36,6,1,0
BRDA:47,7,0,0
BRDA:47,7,1,0
BRDA:49,8,0,0
BRDA:49,8,1,0
BRDA:57,9,0,0
BRDA:57,9,1,0
BRDA:71,10,0,0
BRDA:71,10,1,0
BRDA:73,11,0,0
BRDA:73,11,1,0
BRF:22
BRH:0
end_of_record
TN:
SF:src\services\searchService.ts
FN:38,(anonymous_7)
FN:76,(anonymous_9)
FN:78,(anonymous_10)
FN:80,(anonymous_11)
FN:80,(anonymous_12)
FNF:5
FNH:0
FNDA:0,(anonymous_7)
FNDA:0,(anonymous_9)
FNDA:0,(anonymous_10)
FNDA:0,(anonymous_11)
FNDA:0,(anonymous_12)
DA:1,0
DA:37,0
DA:39,0
DA:42,0
DA:43,0
DA:44,0
DA:45,0
DA:46,0
DA:47,0
DA:48,0
DA:49,0
DA:50,0
DA:51,0
DA:52,0
DA:53,0
DA:54,0
DA:57,0
DA:58,0
DA:59,0
DA:60,0
DA:61,0
DA:62,0
DA:63,0
DA:65,0
DA:67,0
DA:68,0
DA:69,0
DA:72,0
DA:78,0
DA:79,0
DA:80,0
DA:81,0
DA:82,0
DA:83,0
DA:85,0
LF:35
LH:0
BRDA:42,0,0,0
BRDA:42,0,1,0
BRDA:43,1,0,0
BRDA:43,1,1,0
BRDA:44,2,0,0
BRDA:44,2,1,0
BRDA:45,3,0,0
BRDA:45,3,1,0
BRDA:46,4,0,0
BRDA:46,4,1,0
BRDA:47,5,0,0
BRDA:47,5,1,0
BRDA:48,6,0,0
BRDA:48,6,1,0
BRDA:48,7,0,0
BRDA:48,7,1,0
BRDA:49,8,0,0
BRDA:49,8,1,0
BRDA:50,9,0,0
BRDA:50,9,1,0
BRDA:51,10,0,0
BRDA:51,10,1,0
BRDA:52,11,0,0
BRDA:52,11,1,0
BRDA:53,12,0,0
BRDA:53,12,1,0
BRDA:54,13,0,0
BRDA:54,13,1,0
BRDA:57,14,0,0
BRDA:57,14,1,0
BRDA:58,15,0,0
BRDA:58,15,1,0
BRDA:58,16,0,0
BRDA:58,16,1,0
BRDA:59,17,0,0
BRDA:59,17,1,0
BRDA:60,18,0,0
BRDA:60,18,1,0
BRDA:61,19,0,0
BRDA:61,19,1,0
BRDA:62,20,0,0
BRDA:62,20,1,0
BRDA:63,21,0,0
BRDA:63,21,1,0
BRDA:68,22,0,0
BRDA:68,22,1,0
BRDA:78,23,0,0
BRF:47
BRH:0
end_of_record
TN:
SF:src\utils\analytics.ts
FN:23,(anonymous_0)
FN:28,(anonymous_1)
FN:32,(anonymous_2)
FN:44,(anonymous_3)
FN:57,(anonymous_4)
FN:79,(anonymous_5)
FN:80,(anonymous_6)
FN:96,(anonymous_7)
FN:115,(anonymous_8)
FN:119,(anonymous_9)
FN:127,(anonymous_10)
FN:136,(anonymous_11)
FN:144,(anonymous_12)
FN:153,(anonymous_13)
FN:158,(anonymous_14)
FN:162,(anonymous_15)
FN:171,useAnalytics
FN:172,(anonymous_17)
FN:176,(anonymous_18)
FN:180,(anonymous_19)
FN:184,(anonymous_20)
FN:197,(anonymous_21)
FN:201,(anonymous_22)
FN:208,(anonymous_23)
FN:211,(anonymous_24)
FN:217,(anonymous_25)
FN:224,(anonymous_26)
FN:227,(anonymous_27)
FN:230,(anonymous_28)
FNF:29
FNH:0
FNDA:0,(anonymous_0)
FNDA:0,(anonymous_1)
FNDA:0,(anonymous_2)
FNDA:0,(anonymous_3)
FNDA:0,(anonymous_4)
FNDA:0,(anonymous_5)
FNDA:0,(anonymous_6)
FNDA:0,(anonymous_7)
FNDA:0,(anonymous_8)
FNDA:0,(anonymous_9)
FNDA:0,(anonymous_10)
FNDA:0,(anonymous_11)
FNDA:0,(anonymous_12)
FNDA:0,(anonymous_13)
FNDA:0,(anonymous_14)
FNDA:0,(anonymous_15)
FNDA:0,useAnalytics
FNDA:0,(anonymous_17)
FNDA:0,(anonymous_18)
FNDA:0,(anonymous_19)
FNDA:0,(anonymous_20)
FNDA:0,(anonymous_21)
FNDA:0,(anonymous_22)
FNDA:0,(anonymous_23)
FNDA:0,(anonymous_24)
FNDA:0,(anonymous_25)
FNDA:0,(anonymous_26)
FNDA:0,(anonymous_27)
FNDA:0,(anonymous_28)
DA:20,0
DA:21,0
DA:24,0
DA:25,0
DA:29,0
DA:34,0
DA:41,0
DA:45,0
DA:46,0
DA:48,0
DA:58,0
DA:69,0
DA:72,0
DA:73,0
DA:75,0
DA:80,0
DA:81,0
DA:84,0
DA:86,0
DA:93,0
DA:97,0
DA:100,0
DA:101,0
DA:102,0
DA:105,0
DA:106,0
DA:107,0
DA:108,0
DA:109,0
DA:110,0
DA:112,0
DA:116,0
DA:120,0
DA:128,0
DA:137,0
DA:147,0
DA:154,0
DA:159,0
DA:163,0
DA:168,0
DA:171,0
DA:172,0
DA:173,0
DA:176,0
DA:177,0
DA:180,0
DA:181,0
DA:184,0
DA:185,0
DA:188,0
DA:197,0
DA:199,0
DA:202,0
DA:203,0
DA:205,0
DA:209,0
DA:211,0
DA:212,0
DA:213,0
DA:218,0
DA:219,0
DA:221,0
DA:225,0
DA:226,0
DA:227,0
DA:231,0
DA:232,0
DA:233,0
DA:235,0
DA:239,0
LF:70
LH:0
BRDA:45,0,0,0
BRDA:45,0,1,0
BRDA:51,1,0,0
BRDA:51,1,1,0
BRDA:51,2,0,0
BRDA:51,2,1,0
BRDA:51,3,0,0
BRDA:51,3,1,0
BRDA:52,4,0,0
BRDA:52,4,1,0
BRDA:52,5,0,0
BRDA:52,5,1,0
BRDA:52,6,0,0
BRDA:52,6,1,0
BRDA:57,7,0,0
BRDA:72,8,0,0
BRDA:72,8,1,0
BRDA:81,9,0,0
BRDA:81,9,1,0
BRDA:87,10,0,0
BRDA:87,10,1,0
BRDA:90,11,0,0
BRDA:90,11,1,0
BRDA:100,12,0,0
BRDA:100,12,1,0
BRDA:101,13,0,0
BRDA:101,13,1,0
BRDA:102,14,0,0
BRDA:102,14,1,0
BRDA:105,15,0,0
BRDA:105,15,1,0
BRDA:106,16,0,0
BRDA:106,16,1,0
BRDA:107,17,0,0
BRDA:107,17,1,0
BRDA:108,18,0,0
BRDA:108,18,1,0
BRDA:109,19,0,0
BRDA:109,19,1,0
BRDA:110,20,0,0
BRDA:110,20,1,0
BRDA:110,21,0,0
BRDA:110,21,1,0
BRDA:119,22,0,0
BRDA:172,23,0,0
BRDA:180,24,0,0
BRDA:202,25,0,0
BRDA:202,25,1,0
BRDA:218,26,0,0
BRDA:218,26,1,0
BRDA:226,27,0,0
BRDA:226,27,1,0
BRDA:226,28,0,0
BRDA:226,28,1,0
BRF:54
BRH:0
end_of_record
TN:
SF:src\utils\authUtils.ts
FN:21,(anonymous_7)
FN:46,(anonymous_9)
FN:71,(anonymous_11)
FN:98,(anonymous_13)
FN:103,(anonymous_14)
FN:108,(anonymous_15)
FN:120,(anonymous_16)
FN:124,(anonymous_17)
FN:129,(anonymous_18)
FNF:9
FNH:0
FNDA:0,(anonymous_7)
FNDA:0,(anonymous_9)
FNDA:0,(anonymous_11)
FNDA:0,(anonymous_13)
FNDA:0,(anonymous_14)
FNDA:0,(anonymous_15)
FNDA:0,(anonymous_16)
FNDA:0,(anonymous_17)
FNDA:0,(anonymous_18)
DA:1,1
DA:2,1
DA:20,1
DA:22,0
DA:23,0
DA:25,0
DA:26,0
DA:33,0
DA:34,0
DA:35,0
DA:38,0
DA:40,0
DA:41,0
DA:42,0
DA:47,0
DA:48,0
DA:50,0
DA:51,0
DA:58,0
DA:59,0
DA:60,0
DA:61,0
DA:64,0
DA:66,0
DA:67,0
DA:72,0
DA:73,0
DA:81,0
DA:82,0
DA:83,0
DA:86,0
DA:88,0
DA:89,0
DA:91,0
DA:93,0
DA:94,0
DA:99,0
DA:100,0
DA:104,0
DA:105,0
DA:109,0
DA:110,0
DA:112,0
DA:113,0
DA:115,0
DA:116,0
DA:121,0
DA:125,0
DA:126,0
DA:130,0
DA:131,0
LF:51
LH:3
BRDA:23,0,0,0
BRDA:23,0,1,0
BRDA:33,1,0,0
BRDA:33,1,1,0
BRDA:48,2,0,0
BRDA:48,2,1,0
BRDA:58,3,0,0
BRDA:58,3,1,0
BRDA:81,4,0,0
BRDA:81,4,1,0
BRDA:83,5,0,0
BRDA:83,5,1,0
BRDA:105,6,0,0
BRDA:105,6,1,0
BRDA:110,7,0,0
BRDA:110,7,1,0
BRDA:126,8,0,0
BRDA:126,8,1,0
BRDA:126,9,0,0
BRDA:126,9,1,0
BRDA:131,10,0,0
BRDA:131,10,1,0
BRDA:131,11,0,0
BRDA:131,11,1,0
BRDA:131,12,0,0
BRDA:131,12,1,0
BRDA:131,13,0,0
BRDA:131,13,1,0
BRDA:131,14,0,0
BRDA:131,14,1,0
BRF:30
BRH:0
end_of_record
TN:
SF:src\utils\cache.ts
FN:8,(anonymous_7)
FN:12,(anonymous_8)
FN:20,(anonymous_9)
FN:33,(anonymous_10)
FN:37,(anonymous_11)
FN:41,(anonymous_12)
FN:49,(anonymous_13)
FN:50,(anonymous_14)
FN:51,(anonymous_15)
FN:58,(anonymous_16)
FN:62,(anonymous_17)
FN:84,(anonymous_18)
FN:86,(anonymous_19)
FNF:13
FNH:13
FNDA:1,(anonymous_7)
FNDA:26,(anonymous_8)
FNDA:40,(anonymous_9)
FNDA:10,(anonymous_10)
FNDA:6,(anonymous_11)
FNDA:21,(anonymous_12)
FNDA:1,(anonymous_13)
FNDA:1,(anonymous_14)
FNDA:1,(anonymous_15)
FNDA:9,(anonymous_16)
FNDA:9,(anonymous_17)
FNDA:3,(anonymous_18)
FNDA:7,(anonymous_19)
DA:9,1
DA:10,1
DA:13,26
DA:21,40
DA:22,40
DA:24,21
DA:25,21
DA:26,0
DA:27,0
DA:30,21
DA:34,10
DA:38,6
DA:42,21
DA:46,1
DA:49,1
DA:50,1
DA:51,1
DA:55,1
DA:58,1
DA:62,9
DA:64,9
DA:65,9
DA:66,2
DA:70,7
DA:71,6
DA:72,1
DA:75,5
DA:78,5
DA:80,5
DA:84,1
DA:85,3
DA:86,3
DA:87,7
DA:88,5
LF:34
LH:32
BRDA:12,0,0,19
BRDA:22,1,0,19
BRDA:22,1,1,21
BRDA:25,2,0,0
BRDA:25,2,1,21
BRDA:61,3,0,7
BRDA:65,4,0,2
BRDA:65,4,1,7
BRDA:71,5,0,1
BRDA:71,5,1,5
BRDA:87,6,0,5
BRDA:87,6,1,2
BRF:12
BRH:11
end_of_record
TN:
SF:src\utils\categories.ts
FN:30,(anonymous_0)
FN:34,(anonymous_1)
FN:36,(anonymous_2)
FN:39,(anonymous_3)
FNF:4
FNH:4
FNDA:17,(anonymous_0)
FNDA:9,(anonymous_1)
FNDA:73,(anonymous_2)
FNDA:10,(anonymous_3)
DA:11,1
DA:30,1
DA:31,17
DA:34,1
DA:35,9
DA:36,73
DA:39,1
DA:40,10
LF:8
LH:8
BRDA:40,0,0,10
BRDA:40,0,1,2
BRF:2
BRH:2
end_of_record
TN:
SF:src\utils\conditionalLogic.ts
FN:22,(anonymous_0)
FN:78,(anonymous_1)
FN:80,(anonymous_2)
FN:82,(anonymous_3)
FN:89,(anonymous_4)
FN:103,(anonymous_5)
FN:123,(anonymous_6)
FN:132,(anonymous_7)
FN:140,(anonymous_8)
FNF:9
FNH:9
FNDA:39,(anonymous_0)
FNDA:11,(anonymous_1)
FNDA:9,(anonymous_2)
FNDA:9,(anonymous_3)
FNDA:50,(anonymous_4)
FNDA:36,(anonymous_5)
FNDA:28,(anonymous_6)
FNDA:4,(anonymous_7)
FNDA:4,(anonymous_8)
DA:22,1
DA:23,39
DA:25,39
DA:27,27
DA:30,1
DA:33,3
DA:34,2
DA:36,1
DA:37,1
DA:39,0
DA:42,1
DA:43,1
DA:45,0
DA:46,0
DA:48,0
DA:51,2
DA:52,2
DA:54,0
DA:57,1
DA:58,1
DA:60,0
DA:63,2
DA:67,1
DA:71,1
DA:78,1
DA:79,11
DA:80,9
DA:82,9
DA:89,1
DA:90,50
DA:91,39
DA:93,11
DA:103,1
DA:107,36
DA:108,3
DA:111,33
DA:112,33
DA:113,32
DA:115,1
DA:116,1
DA:123,28
DA:132,4
DA:140,4
DA:148,1
LF:44
LH:38
BRDA:25,0,0,27
BRDA:25,0,1,1
BRDA:25,0,2,3
BRDA:25,0,3,1
BRDA:25,0,4,2
BRDA:25,0,5,1
BRDA:25,0,6,2
BRDA:25,0,7,1
BRDA:25,0,8,1
BRDA:33,1,0,2
BRDA:33,1,1,1
BRDA:36,2,0,1
BRDA:36,2,1,0
BRDA:42,3,0,1
BRDA:42,3,1,0
BRDA:45,4,0,0
BRDA:45,4,1,0
BRDA:51,5,0,2
BRDA:51,5,1,0
BRDA:51,6,0,2
BRDA:51,6,1,2
BRDA:57,7,0,1
BRDA:57,7,1,0
BRDA:57,8,0,1
BRDA:57,8,1,1
BRDA:63,9,0,2
BRDA:63,9,1,1
BRDA:63,9,2,1
BRDA:63,9,3,1
BRDA:63,9,4,0
BRDA:67,10,0,1
BRDA:67,10,1,1
BRDA:67,10,2,1
BRDA:67,10,3,1
BRDA:67,10,4,0
BRDA:79,11,0,5
BRDA:79,11,1,6
BRDA:90,12,0,39
BRDA:90,12,1,11
BRDA:107,13,0,3
BRDA:107,13,1,33
BRDA:107,14,0,36
BRDA:107,14,1,34
BRF:43
BRH:35
end_of_record
TN:
SF:src\utils\formatDate.ts
FN:1,(anonymous_0)
FNF:1
FNH:1
FNDA:16,(anonymous_0)
DA:1,1
DA:2,16
DA:4,16
DA:7,16
DA:8,5
DA:11,11
DA:19,0
DA:20,0
LF:8
LH:6
BRDA:4,0,0,5
BRDA:4,0,1,11
BRDA:7,1,0,5
BRDA:7,1,1,11
BRDA:7,2,0,16
BRDA:7,2,1,14
BRF:6
BRH:6
end_of_record
TN:
SF:src\utils\formatPrice.ts
FN:1,(anonymous_0)
FNF:1
FNH:1
FNDA:17,(anonymous_0)
DA:1,1
DA:2,17
LF:2
LH:2
BRF:0
BRH:0
end_of_record
TN:
SF:src\utils\helpers.ts
FN:8,generateId
FN:15,generateIdWithPrefix
FN:22,formatCurrency
FN:32,formatNumber
FN:39,formatPercentage
FN:46,formatFileSize
FN:59,formatDuration
FN:73,formatDurationMs
FN:80,isEmpty
FN:91,isNotEmpty
FN:98,removeEmptyValues
FN:113,removeEmptyArrayValues
FN:114,(anonymous_12)
FN:120,groupBy
FN:121,(anonymous_14)
FN:134,sortBy
FN:135,(anonymous_16)
FN:148,unique
FN:155,uniqueBy
FN:157,(anonymous_19)
FN:170,chunk
FN:181,delay
FN:182,(anonymous_22)
FN:188,debounce
FN:194,(anonymous_24)
FN:196,(anonymous_25)
FN:203,throttle
FN:209,(anonymous_27)
FN:213,(anonymous_28)
FN:221,hasSchema
FN:237,deepClone
FN:240,(anonymous_31)
FN:256,shuffle
FN:268,randomChoice
FN:276,randomChoices
FNF:35
FNH:35
FNDA:9,generateId
FNDA:3,generateIdWithPrefix
FNDA:5,formatCurrency
FNDA:3,formatNumber
FNDA:4,formatPercentage
FNDA:7,formatFileSize
FNDA:9,formatDuration
FNDA:3,formatDurationMs
FNDA:38,isEmpty
FNDA:22,isNotEmpty
FNDA:2,removeEmptyValues
FNDA:1,removeEmptyArrayValues
FNDA:6,(anonymous_12)
FNDA:2,groupBy
FNDA:7,(anonymous_14)
FNDA:3,sortBy
FNDA:14,(anonymous_16)
FNDA:2,unique
FNDA:2,uniqueBy
FNDA:7,(anonymous_19)
FNDA:5,chunk
FNDA:1,delay
FNDA:1,(anonymous_22)
FNDA:1,debounce
FNDA:3,(anonymous_24)
FNDA:1,(anonymous_25)
FNDA:1,throttle
FNDA:4,(anonymous_27)
FNDA:1,(anonymous_28)
FNDA:7,hasSchema
FNDA:20,deepClone
FNDA:8,(anonymous_31)
FNDA:3,shuffle
FNDA:3,randomChoice
FNDA:2,randomChoices
DA:8,1
DA:9,9
DA:15,1
DA:16,3
DA:22,1
DA:23,5
DA:32,1
DA:33,3
DA:39,1
DA:40,4
DA:46,1
DA:47,7
DA:49,6
DA:50,6
DA:51,6
DA:53,6
DA:59,1
DA:60,9
DA:61,5
DA:63,2
DA:64,2
DA:65,2
DA:67,2
DA:73,1
DA:74,3
DA:80,1
DA:81,38
DA:82,29
DA:83,15
DA:84,10
DA:85,6
DA:91,1
DA:92,22
DA:98,1
DA:99,2
DA:101,2
DA:102,8
DA:103,4
DA:107,2
DA:113,1
DA:114,6
DA:120,1
DA:121,2
DA:122,7
DA:123,7
DA:124,5
DA:126,7
DA:127,7
DA:134,1
DA:135,3
DA:136,14
DA:137,14
DA:139,14
DA:140,8
DA:141,0
DA:148,1
DA:149,2
DA:155,1
DA:156,2
DA:157,2
DA:158,7
DA:159,7
DA:160,2
DA:162,5
DA:163,5
DA:170,1
DA:171,5
DA:172,5
DA:173,8
DA:175,5
DA:181,1
DA:182,1
DA:188,1
DA:194,1
DA:195,3
DA:196,3
DA:203,1
DA:209,1
DA:210,4
DA:211,2
DA:212,2
DA:213,2
DA:221,1
DA:222,7
DA:224,4
DA:225,9
DA:227,7
DA:228,7
DA:231,1
DA:237,1
DA:238,20
DA:239,7
DA:240,8
DA:241,3
DA:242,3
DA:243,3
DA:244,5
DA:245,5
DA:248,3
DA:250,0
DA:256,1
DA:257,3
DA:258,3
DA:259,12
DA:260,12
DA:262,3
DA:268,1
DA:269,3
DA:270,1
DA:276,1
DA:277,2
DA:279,1
DA:280,1
LF:113
LH:111
BRDA:22,0,0,3
BRDA:22,1,0,3
BRDA:32,2,0,3
BRDA:39,3,0,3
BRDA:47,4,0,1
BRDA:47,4,1,6
BRDA:60,5,0,4
BRDA:60,5,1,5
BRDA:61,6,0,3
BRDA:61,6,1,2
BRDA:81,7,0,9
BRDA:81,7,1,29
BRDA:81,8,0,38
BRDA:81,8,1,33
BRDA:82,9,0,14
BRDA:82,9,1,15
BRDA:83,10,0,5
BRDA:83,10,1,10
BRDA:84,11,0,4
BRDA:84,11,1,6
BRDA:102,12,0,4
BRDA:102,12,1,4
BRDA:123,13,0,5
BRDA:123,13,1,2
BRDA:134,14,0,1
BRDA:139,15,0,6
BRDA:139,15,1,8
BRDA:139,16,0,2
BRDA:139,16,1,4
BRDA:140,17,0,8
BRDA:140,17,1,0
BRDA:140,18,0,3
BRDA:140,18,1,5
BRDA:159,19,0,2
BRDA:159,19,1,5
BRDA:210,20,0,2
BRDA:210,20,1,2
BRDA:222,21,0,3
BRDA:222,21,1,4
BRDA:222,22,0,7
BRDA:222,22,1,5
BRDA:225,23,0,2
BRDA:225,23,1,7
BRDA:228,24,0,1
BRDA:228,24,1,6
BRDA:238,25,0,13
BRDA:238,25,1,7
BRDA:238,26,0,20
BRDA:238,26,1,19
BRDA:239,27,0,1
BRDA:239,27,1,6
BRDA:240,28,0,3
BRDA:240,28,1,3
BRDA:241,29,0,3
BRDA:241,29,1,0
BRDA:244,30,0,5
BRDA:244,30,1,0
BRDA:269,31,0,2
BRDA:269,31,1,1
BRDA:277,32,0,1
BRDA:277,32,1,1
BRF:61
BRH:58
end_of_record
TN:
SF:src\utils\i18n.ts
FN:625,(anonymous_0)
FN:631,(anonymous_1)
FN:642,(anonymous_2)
FN:649,(anonymous_3)
FN:659,(anonymous_4)
FN:691,(anonymous_5)
FN:708,(anonymous_6)
FN:711,(anonymous_7)
FN:719,(anonymous_8)
FN:737,(anonymous_9)
FN:740,(anonymous_10)
FN:766,(anonymous_11)
FNF:12
FNH:12
FNDA:1,(anonymous_0)
FNDA:44,(anonymous_1)
FNDA:15,(anonymous_2)
FNDA:4,(anonymous_3)
FNDA:34,(anonymous_4)
FNDA:3,(anonymous_5)
FNDA:31,(anonymous_6)
FNDA:7,(anonymous_7)
FNDA:5,(anonymous_8)
FNDA:2,(anonymous_9)
FNDA:25,(anonymous_10)
FNDA:6,(anonymous_11)
DA:13,1
DA:606,1
DA:611,1
DA:616,1
DA:626,1
DA:632,44
DA:633,43
DA:635,43
DA:643,15
DA:650,4
DA:651,4
DA:652,1
DA:661,34
DA:662,3
DA:665,31
DA:666,31
DA:669,31
DA:670,67
DA:671,64
DA:674,3
DA:675,3
DA:680,31
DA:681,31
DA:685,0
DA:692,3
DA:694,3
DA:695,4
DA:696,1
DA:698,3
DA:702,0
DA:709,31
DA:711,7
DA:712,7
DA:720,5
DA:721,5
DA:723,5
DA:724,11
DA:725,10
DA:727,1
DA:731,4
DA:738,2
DA:740,2
DA:741,25
DA:742,346
DA:744,346
DA:745,323
DA:746,23
DA:747,23
DA:752,2
DA:753,2
DA:758,1
DA:761,1
DA:766,1
DA:767,6
DA:779,1
LF:55
LH:53
BRDA:632,0,0,43
BRDA:632,0,1,1
BRDA:651,1,0,1
BRDA:651,1,1,3
BRDA:651,2,0,4
BRDA:651,2,1,2
BRDA:661,3,0,3
BRDA:661,3,1,31
BRDA:661,4,0,34
BRDA:661,4,1,31
BRDA:662,5,0,3
BRDA:662,5,1,3
BRDA:670,6,0,64
BRDA:670,6,1,3
BRDA:670,7,0,67
BRDA:670,7,1,67
BRDA:670,7,2,67
BRDA:680,8,0,31
BRDA:680,8,1,0
BRDA:695,9,0,1
BRDA:695,9,1,3
BRDA:695,10,0,4
BRDA:695,10,1,4
BRDA:695,10,2,4
BRDA:702,11,0,0
BRDA:702,11,1,0
BRDA:709,12,0,24
BRDA:709,12,1,7
BRDA:712,13,0,7
BRDA:712,13,1,0
BRDA:712,14,0,0
BRDA:712,14,1,7
BRDA:712,15,0,7
BRDA:712,15,1,7
BRDA:724,16,0,10
BRDA:724,16,1,1
BRDA:724,17,0,11
BRDA:724,17,1,11
BRDA:724,17,2,11
BRDA:740,18,0,2
BRDA:742,19,0,331
BRDA:742,19,1,15
BRDA:744,20,0,323
BRDA:744,20,1,23
BRDA:746,21,0,23
BRDA:746,21,1,0
BRDA:746,22,0,23
BRDA:746,22,1,23
BRF:48
BRH:42
end_of_record
TN:
SF:src\utils\imageUtils.ts
FN:12,(anonymous_0)
FN:29,(anonymous_1)
FN:38,(anonymous_2)
FN:47,(anonymous_3)
FNF:4
FNH:4
FNDA:23,(anonymous_0)
FNDA:4,(anonymous_1)
FNDA:38,(anonymous_2)
FNDA:10,(anonymous_3)
DA:5,1
DA:12,1
DA:13,23
DA:14,3
DA:18,20
DA:21,20
DA:29,1
DA:30,4
DA:38,1
DA:39,38
DA:47,1
DA:48,10
DA:49,6
LF:13
LH:13
BRDA:13,0,0,3
BRDA:13,0,1,20
BRDA:39,1,0,38
BRDA:39,1,1,31
BRDA:48,2,0,4
BRDA:48,2,1,6
BRF:6
BRH:6
end_of_record
TN:
SF:src\utils\logger.ts
FN:3,(anonymous_0)
FN:8,(anonymous_1)
FN:13,(anonymous_2)
FN:18,(anonymous_3)
FNF:4
FNH:4
FNDA:110,(anonymous_0)
FNDA:6,(anonymous_1)
FNDA:8,(anonymous_2)
FNDA:7,(anonymous_3)
DA:2,2
DA:5,110
DA:10,6
DA:15,8
DA:20,7
LF:5
LH:5
BRF:0
BRH:0
end_of_record
TN:
SF:src\utils\mockData.ts
FN:613,(anonymous_0)
FN:621,(anonymous_1)
FNF:2
FNH:2
FNDA:20,(anonymous_0)
FNDA:51,(anonymous_1)
DA:114,1
DA:197,1
DA:245,1
DA:348,1
DA:411,1
DA:494,1
DA:611,1
DA:613,1
DA:614,20
DA:615,17
DA:617,20
DA:621,1
DA:622,51
LF:13
LH:13
BRDA:614,0,0,17
BRDA:614,0,1,3
BRF:2
BRH:2
end_of_record
TN:
SF:src\utils\searchUtils.ts
FN:23,fuzzyMatch
FN:55,smartSearch
FN:102,(anonymous_2)
FN:106,generateIntelligentSuggestions
FN:115,(anonymous_4)
FN:118,(anonymous_5)
FN:129,(anonymous_6)
FN:132,(anonymous_7)
FN:150,(anonymous_8)
FN:151,(anonymous_9)
FN:154,(anonymous_10)
FN:157,generateCategorySuggestions
FN:165,(anonymous_12)
FN:168,(anonymous_13)
FN:176,generateLocationSuggestions
FN:183,(anonymous_15)
FN:186,(anonymous_16)
FN:195,useDebouncedSearch
FN:203,(anonymous_18)
FN:204,(anonymous_19)
FN:222,(anonymous_20)
FN:243,createDynamicFilter
FN:246,(anonymous_22)
FN:252,(anonymous_23)
FN:254,(anonymous_24)
FN:263,buildSearchQuery
FN:280,parseSearchQuery
FN:299,(anonymous_27)
FN:303,(anonymous_28)
FN:320,(anonymous_29)
FN:324,(anonymous_30)
FNF:31
FNH:27
FNDA:146,fuzzyMatch
FNDA:10,smartSearch
FNDA:9,(anonymous_2)
FNDA:6,generateIntelligentSuggestions
FNDA:18,(anonymous_4)
FNDA:3,(anonymous_5)
FNDA:18,(anonymous_6)
FNDA:2,(anonymous_7)
FNDA:23,(anonymous_8)
FNDA:126,(anonymous_9)
FNDA:18,(anonymous_10)
FNDA:6,generateCategorySuggestions
FNDA:60,(anonymous_12)
FNDA:12,(anonymous_13)
FNDA:6,generateLocationSuggestions
FNDA:60,(anonymous_15)
FNDA:6,(anonymous_16)
FNDA:0,useDebouncedSearch
FNDA:0,(anonymous_18)
FNDA:0,(anonymous_19)
FNDA:0,(anonymous_20)
FNDA:5,createDynamicFilter
FNDA:3,(anonymous_22)
FNDA:4,(anonymous_23)
FNDA:5,(anonymous_24)
FNDA:6,buildSearchQuery
FNDA:6,parseSearchQuery
FNDA:6,(anonymous_27)
FNDA:11,(anonymous_28)
FNDA:3,(anonymous_29)
FNDA:2,(anonymous_30)
DA:1,1
DA:23,1
DA:24,146
DA:25,146
DA:27,146
DA:28,27
DA:31,119
DA:32,119
DA:33,119
DA:35,119
DA:36,1186
DA:37,48
DA:38,48
DA:39,48
DA:42,48
DA:43,9
DA:46,1138
DA:51,119
DA:55,1
DA:56,10
DA:58,10
DA:59,20
DA:62,20
DA:63,20
DA:67,20
DA:68,20
DA:72,20
DA:73,20
DA:77,20
DA:78,20
DA:82,20
DA:83,18
DA:84,54
DA:88,20
DA:89,16
DA:102,10
DA:106,1
DA:111,6
DA:114,6
DA:116,18
DA:118,3
DA:125,6
DA:128,6
DA:130,18
DA:132,2
DA:139,6
DA:142,6
DA:143,6
DA:146,6
DA:147,6
DA:150,6
DA:151,126
DA:154,18
DA:158,6
DA:164,6
DA:166,60
DA:168,12
DA:177,6
DA:182,6
DA:184,60
DA:186,6
DA:195,1
DA:199,0
DA:200,0
DA:201,0
DA:203,0
DA:204,0
DA:205,0
DA:206,0
DA:207,0
DA:208,0
DA:209,0
DA:211,0
DA:212,0
DA:214,0
DA:217,0
DA:218,0
DA:222,0
DA:225,0
DA:243,1
DA:244,5
DA:247,3
DA:248,2
DA:250,1
DA:253,4
DA:254,5
DA:255,3
DA:257,1
DA:263,1
DA:264,6
DA:266,6
DA:267,13
DA:268,9
DA:269,2
DA:271,7
DA:276,6
DA:280,1
DA:281,6
DA:282,6
DA:284,6
DA:285,11
DA:286,11
DA:287,8
DA:288,1
DA:290,7
DA:295,6
DA:299,1
DA:300,6
DA:301,6
DA:304,11
DA:305,11
DA:307,11
DA:308,4
DA:311,7
DA:312,7
DA:317,7
DA:321,3
DA:325,2
DA:329,1
LF:119
LH:102
BRDA:27,0,0,27
BRDA:27,0,1,119
BRDA:35,1,0,1305
BRDA:35,1,1,1186
BRDA:36,2,0,48
BRDA:36,2,1,1138
BRDA:42,3,0,9
BRDA:42,3,1,39
BRDA:62,4,0,20
BRDA:62,4,1,0
BRDA:67,5,0,20
BRDA:67,5,1,0
BRDA:72,6,0,20
BRDA:72,6,1,0
BRDA:77,7,0,20
BRDA:77,7,1,0
BRDA:82,8,0,18
BRDA:82,8,1,2
BRDA:82,9,0,20
BRDA:82,9,1,18
BRDA:88,10,0,16
BRDA:88,10,1,4
BRDA:197,11,0,0
BRDA:205,12,0,0
BRDA:205,12,1,0
BRDA:247,13,0,2
BRDA:247,13,1,1
BRDA:253,14,0,3
BRDA:253,14,1,1
BRDA:253,15,0,4
BRDA:253,15,1,4
BRDA:255,16,0,2
BRDA:255,16,1,1
BRDA:267,17,0,9
BRDA:267,17,1,4
BRDA:267,18,0,13
BRDA:267,18,1,9
BRDA:268,19,0,2
BRDA:268,19,1,7
BRDA:286,20,0,8
BRDA:286,20,1,3
BRDA:286,21,0,11
BRDA:286,21,1,10
BRDA:287,22,0,1
BRDA:287,22,1,7
BRDA:307,23,0,4
BRDA:307,23,1,7
BRDA:307,24,0,11
BRDA:307,24,1,4
BRF:49
BRH:42
end_of_record
TN:
SF:src\utils\validation.ts
FN:20,(anonymous_0)
FN:28,(anonymous_1)
FN:69,(anonymous_2)
FN:77,(anonymous_3)
FN:89,(anonymous_4)
FN:96,(anonymous_5)
FN:121,(anonymous_6)
FN:135,(anonymous_7)
FN:142,(anonymous_8)
FNF:9
FNH:6
FNDA:11,(anonymous_0)
FNDA:10,(anonymous_1)
FNDA:12,(anonymous_2)
FNDA:11,(anonymous_3)
FNDA:9,(anonymous_4)
FNDA:8,(anonymous_5)
FNDA:0,(anonymous_6)
FNDA:0,(anonymous_7)
FNDA:0,(anonymous_8)
DA:20,1
DA:21,11
DA:22,11
DA:28,1
DA:29,10
DA:31,10
DA:32,3
DA:39,10
DA:40,2
DA:47,10
DA:48,3
DA:55,10
DA:56,3
DA:63,10
DA:69,1
DA:70,12
DA:71,12
DA:77,1
DA:78,11
DA:79,11
DA:80,5
DA:82,6
DA:89,1
DA:90,9
DA:96,1
DA:97,8
DA:99,8
DA:100,2
DA:107,8
DA:108,1
DA:115,8
DA:121,1
DA:122,0
DA:123,0
DA:129,0
DA:135,1
DA:136,0
DA:142,1
DA:143,0
LF:39
LH:34
BRDA:31,0,0,3
BRDA:31,0,1,7
BRDA:31,1,0,10
BRDA:31,1,1,9
BRDA:39,2,0,2
BRDA:39,2,1,8
BRDA:47,3,0,3
BRDA:47,3,1,7
BRDA:55,4,0,3
BRDA:55,4,1,7
BRDA:90,5,0,9
BRDA:90,5,1,6
BRDA:99,6,0,2
BRDA:99,6,1,6
BRDA:99,7,0,8
BRDA:99,7,1,6
BRDA:107,8,0,1
BRDA:107,8,1,7
BRDA:107,9,0,8
BRDA:107,9,1,6
BRDA:122,10,0,0
BRDA:122,10,1,0
BRDA:122,11,0,0
BRDA:122,11,1,0
BRDA:122,11,2,0
BRF:25
BRH:20
end_of_record
